           1
         330
  
  0.1000000000000E-01   0.6501710785909E+03
  0.1033297800000E-01   0.6183627846211E+03
  0.1067704300000E-01   0.5738131022505E+03
  0.1103256400000E-01   0.5346532856130E+03
  0.1139992400000E-01   0.4982852869423E+03
  0.1177951600000E-01   0.4684785907746E+03
  0.1217174800000E-01   0.4473478348266E+03
  0.1257704000000E-01   0.4137937042169E+03
  0.1299582700000E-01   0.3863890385582E+03
  0.1342855900000E-01   0.3588558130425E+03
  0.1387570000000E-01   0.3393013060456E+03
  0.1433773000000E-01   0.3180581399389E+03
  0.1481514400000E-01   0.3019418160841E+03
  0.1530845500000E-01   0.2792884668756E+03
  0.1581819300000E-01   0.2596561610196E+03
  0.1634490300000E-01   0.2433125116982E+03
  0.1688915200000E-01   0.2270035222530E+03
  0.1745152300000E-01   0.2149053363410E+03
  0.1803262000000E-01   0.2018955114610E+03
  0.1863306600000E-01   0.1911663242314E+03
  0.1925350500000E-01   0.1830391190349E+03
  0.1989460400000E-01   0.1670456902932E+03
  0.2055705000000E-01   0.1527238242824E+03
  0.2124155300000E-01   0.1411754428504E+03
  0.2194885000000E-01   0.1325506873521E+03
  0.2267969700000E-01   0.1248001928590E+03
  0.2343488100000E-01   0.1189867874549E+03
  0.2421521000000E-01   0.1138093513631E+03
  0.2502152200000E-01   0.1085927148782E+03
  0.2585468300000E-01   0.1035155201225E+03
  0.2671558600000E-01   0.1000709543651E+03
  0.2760515500000E-01   0.9184445938587E+02
  0.2852434500000E-01   0.8332203459057E+02
  0.2947414200000E-01   0.7561535284794E+02
  0.3045556500000E-01   0.6903665206272E+02
  0.3146966800000E-01   0.6325286539837E+02
  0.3251753700000E-01   0.5803693889939E+02
  0.3360029900000E-01   0.5336691837196E+02
  0.3471911400000E-01   0.4965323749186E+02
  0.3587518200000E-01   0.4671996977054E+02
  0.3706974600000E-01   0.4546479588890E+02
  0.3830408600000E-01   0.4498656303486E+02
  0.3957952600000E-01   0.4407956182166E+02
  0.4089743600000E-01   0.4442375681932E+02
  0.4225922900000E-01   0.4320864615532E+02
  0.4366636700000E-01   0.4214696695781E+02
  0.4512035900000E-01   0.4206645243531E+02
  0.4662276600000E-01   0.3812935172795E+02
  0.4817520000000E-01   0.3456073331964E+02
  0.4977932700000E-01   0.3132610977198E+02
  0.5143686700000E-01   0.2839422397795E+02
  0.5314960000000E-01   0.2573673949118E+02
  0.5491936300000E-01   0.2332797568434E+02
  0.5674805500000E-01   0.2114465409293E+02
  0.5863763800000E-01   0.1916567519105E+02
  0.6059014100000E-01   0.1737191270650E+02
  0.6260765700000E-01   0.1574603360824E+02
  0.6469235200000E-01   0.1427232428993E+02
  0.6684646300000E-01   0.1293654280201E+02
  0.6907230100000E-01   0.1172578039343E+02
  0.7137225400000E-01   0.1062833636958E+02
  0.7374879100000E-01   0.9633604494988E+01
  0.7620446000000E-01   0.8731972474511E+01
  0.7874189900000E-01   0.0000000000000E+00
  0.8136382800000E-01   0.0000000000000E+00
  0.8407306200000E-01   0.0000000000000E+00
  0.8687250700000E-01   0.0000000000000E+00
  0.8976516700000E-01   0.0000000000000E+00
  0.9275414700000E-01   0.0000000000000E+00
  0.9584265200000E-01   0.0000000000000E+00
  0.9903399800000E-01   0.0000000000000E+00
  0.1023316100000E+00   0.0000000000000E+00
  0.1057390200000E+00   0.0000000000000E+00
  0.1092599000000E+00   0.0000000000000E+00
  0.1128980100000E+00   0.0000000000000E+00
  0.1166572600000E+00   0.0000000000000E+00
  0.1205416800000E+00   0.0000000000000E+00
  0.1245554500000E+00   0.0000000000000E+00
  0.1287028700000E+00   0.0000000000000E+00
  0.1329883900000E+00   0.0000000000000E+00
  0.1374166100000E+00   0.0000000000000E+00
  0.1419922700000E+00   0.0000000000000E+00
  0.1467203000000E+00   0.0000000000000E+00
  0.1516057500000E+00   0.0000000000000E+00
  0.1566538900000E+00   0.0000000000000E+00
  0.1618701100000E+00   0.0000000000000E+00
  0.1672600200000E+00   0.0000000000000E+00
  0.1728294100000E+00   0.0000000000000E+00
  0.1785842400000E+00   0.0000000000000E+00
  0.1845307000000E+00   0.0000000000000E+00
  0.1906751600000E+00   0.0000000000000E+00
  0.1970242200000E+00   0.0000000000000E+00
  0.2035846800000E+00   0.0000000000000E+00
  0.2103636000000E+00   0.0000000000000E+00
  0.2173682300000E+00   0.0000000000000E+00
  0.2246061100000E+00   0.0000000000000E+00
  0.2320849900000E+00   0.0000000000000E+00
  0.2398129000000E+00   0.0000000000000E+00
  0.2477981400000E+00   0.0000000000000E+00
  0.2560492600000E+00   0.0000000000000E+00
  0.2645751300000E+00   0.0000000000000E+00
  0.2733848900000E+00   0.0000000000000E+00
  0.2824880000000E+00   0.0000000000000E+00
  0.2918942200000E+00   0.0000000000000E+00
  0.3016136400000E+00   0.0000000000000E+00
  0.3116567000000E+00   0.0000000000000E+00
  0.3220341700000E+00   0.0000000000000E+00
  0.3327571900000E+00   0.0000000000000E+00
  0.3438372600000E+00   0.0000000000000E+00
  0.3552862800000E+00   0.0000000000000E+00
  0.3671165200000E+00   0.0000000000000E+00
  0.3793406700000E+00   0.0000000000000E+00
  0.3919718700000E+00   0.0000000000000E+00
  0.4050236600000E+00   0.0000000000000E+00
  0.4185100400000E+00   0.0000000000000E+00
  0.4324454900000E+00   0.0000000000000E+00
  0.4468449600000E+00   0.0000000000000E+00
  0.4617239000000E+00   0.0000000000000E+00
  0.4770982700000E+00   0.0000000000000E+00
  0.4929845800000E+00   0.0000000000000E+00
  0.5093998600000E+00   0.0000000000000E+00
  0.5263617400000E+00   0.0000000000000E+00
  0.5438884100000E+00   0.0000000000000E+00
  0.5619986800000E+00   0.0000000000000E+00
  0.5807119800000E+00   0.0000000000000E+00
  0.6000483900000E+00   0.0000000000000E+00
  0.6200286600000E+00   0.0000000000000E+00
  0.6406742300000E+00   0.0000000000000E+00
  0.6620072500000E+00   0.0000000000000E+00
  0.6840506100000E+00   0.0000000000000E+00
  0.7068279700000E+00   0.0000000000000E+00
  0.7303637600000E+00   0.0000000000000E+00
  0.7546832400000E+00   0.0000000000000E+00
  0.7798125100000E+00   0.0000000000000E+00
  0.8057785200000E+00   0.0000000000000E+00
  0.8326091500000E+00   0.0000000000000E+00
  0.8603331700000E+00   0.0000000000000E+00
  0.8889803400000E+00   0.0000000000000E+00
  0.9185814000000E+00   0.0000000000000E+00
  0.9491681100000E+00   0.0000000000000E+00
  0.9807732900000E+00   0.0000000000000E+00
  0.1013430800000E+01   0.0000000000000E+00
  0.1047175800000E+01   0.0000000000000E+00
  0.1082044400000E+01   0.0000000000000E+00
  0.1118074100000E+01   0.0000000000000E+00
  0.1155303500000E+01   0.0000000000000E+00
  0.1193772500000E+01   0.0000000000000E+00
  0.1233522500000E+01   0.0000000000000E+00
  0.1274596000000E+01   0.0000000000000E+00
  0.1317037200000E+01   0.0000000000000E+00
  0.1360891600000E+01   0.0000000000000E+00
  0.1406206200000E+01   0.0000000000000E+00
  0.1453029800000E+01   0.0000000000000E+00
  0.1501412400000E+01   0.0000000000000E+00
  0.1551406100000E+01   0.0000000000000E+00
  0.1603064400000E+01   0.0000000000000E+00
  0.1656442900000E+01   0.0000000000000E+00
  0.1711598800000E+01   0.0000000000000E+00
  0.1768591200000E+01   0.0000000000000E+00
  0.1827481300000E+01   0.0000000000000E+00
  0.1888332300000E+01   0.0000000000000E+00
  0.1951209600000E+01   0.0000000000000E+00
  0.2016180500000E+01   0.0000000000000E+00
  0.2083314800000E+01   0.0000000000000E+00
  0.2152684500000E+01   0.0000000000000E+00
  0.2224364100000E+01   0.0000000000000E+00
  0.2298430500000E+01   0.0000000000000E+00
  0.2374963100000E+01   0.0000000000000E+00
  0.2454044000000E+01   0.0000000000000E+00
  0.2535758200000E+01   0.0000000000000E+00
  0.2620193300000E+01   0.0000000000000E+00
  0.2707439900000E+01   0.0000000000000E+00
  0.2797591600000E+01   0.0000000000000E+00
  0.2890745100000E+01   0.0000000000000E+00
  0.2987000500000E+01   0.0000000000000E+00
  0.3086460900000E+01   0.0000000000000E+00
  0.3189233200000E+01   0.0000000000000E+00
  0.3295427500000E+01   0.0000000000000E+00
  0.3405157900000E+01   0.0000000000000E+00
  0.3518542100000E+01   0.0000000000000E+00
  0.3635701600000E+01   0.0000000000000E+00
  0.3756762400000E+01   0.0000000000000E+00
  0.3881854200000E+01   0.0000000000000E+00
  0.4011111200000E+01   0.0000000000000E+00
  0.4144672300000E+01   0.0000000000000E+00
  0.4282680600000E+01   0.0000000000000E+00
  0.4425284300000E+01   0.0000000000000E+00
  0.4572636400000E+01   0.0000000000000E+00
  0.4724895000000E+01   0.0000000000000E+00
  0.4882223400000E+01   0.0000000000000E+00
  0.5044790500000E+01   0.0000000000000E+00
  0.5212770800000E+01   0.0000000000000E+00
  0.5386344400000E+01   0.0000000000000E+00
  0.5565697600000E+01   0.0000000000000E+00
  0.5751022900000E+01   0.0000000000000E+00
  0.5942519100000E+01   0.0000000000000E+00
  0.6140391700000E+01   0.0000000000000E+00
  0.6344853100000E+01   0.0000000000000E+00
  0.6556122500000E+01   0.0000000000000E+00
  0.6774426700000E+01   0.0000000000000E+00
  0.7000000000000E+01   0.0000000000000E+00
  0.7089677200000E+01   0.0000000000000E+00
  0.7180503200000E+01   0.0000000000000E+00
  0.7272492800000E+01   0.0000000000000E+00
  0.7365660900000E+01   0.0000000000000E+00
  0.7460022500000E+01   0.0000000000000E+00
  0.7555593000000E+01   0.0000000000000E+00
  0.7652387900000E+01   0.0000000000000E+00
  0.7750422800000E+01   0.0000000000000E+00
  0.7849713700000E+01   0.0000000000000E+00
  0.7950276600000E+01   0.0000000000000E+00
  0.8052127800000E+01   0.0000000000000E+00
  0.8155283800000E+01   0.0000000000000E+00
  0.8259761300000E+01   0.0000000000000E+00
  0.8365577300000E+01   0.0000000000000E+00
  0.8472748900000E+01   0.0000000000000E+00
  0.8581293500000E+01   0.0000000000000E+00
  0.8691228600000E+01   0.0000000000000E+00
  0.8802572200000E+01   0.0000000000000E+00
  0.8915342100000E+01   0.0000000000000E+00
  0.9029556800000E+01   0.0000000000000E+00
  0.9145234700000E+01   0.0000000000000E+00
  0.9262394500000E+01   0.0000000000000E+00
  0.9381055200000E+01   0.0000000000000E+00
  0.9501236200000E+01   0.0000000000000E+00
  0.9622956700000E+01   0.0000000000000E+00
  0.9746236600000E+01   0.0000000000000E+00
  0.9871095900000E+01   0.0000000000000E+00
  0.9997554800000E+01   0.0000000000000E+00
  0.1012563400000E+02   0.0000000000000E+00
  0.1025535300000E+02   0.0000000000000E+00
  0.1038673500000E+02   0.0000000000000E+00
  0.1051980000000E+02   0.0000000000000E+00
  0.1065456900000E+02   0.0000000000000E+00
  0.1079106500000E+02   0.0000000000000E+00
  0.1092931000000E+02   0.0000000000000E+00
  0.1106932500000E+02   0.0000000000000E+00
  0.1121113500000E+02   0.0000000000000E+00
  0.1135476100000E+02   0.0000000000000E+00
  0.1150022700000E+02   0.0000000000000E+00
  0.1164755700000E+02   0.0000000000000E+00
  0.1179677400000E+02   0.0000000000000E+00
  0.1194790200000E+02   0.0000000000000E+00
  0.1210096700000E+02   0.0000000000000E+00
  0.1225599300000E+02   0.0000000000000E+00
  0.1241300500000E+02   0.0000000000000E+00
  0.1257202800000E+02   0.0000000000000E+00
  0.1273308900000E+02   0.0000000000000E+00
  0.1289621300000E+02   0.0000000000000E+00
  0.1306142600000E+02   0.0000000000000E+00
  0.1322875700000E+02   0.0000000000000E+00
  0.1339823000000E+02   0.0000000000000E+00
  0.1356987600000E+02   0.0000000000000E+00
  0.1374372000000E+02   0.0000000000000E+00
  0.1391979100000E+02   0.0000000000000E+00
  0.1409811700000E+02   0.0000000000000E+00
  0.1427872900000E+02   0.0000000000000E+00
  0.1446165400000E+02   0.0000000000000E+00
  0.1464692200000E+02   0.0000000000000E+00
  0.1483456500000E+02   0.0000000000000E+00
  0.1502461000000E+02   0.0000000000000E+00
  0.1521709100000E+02   0.0000000000000E+00
  0.1541203800000E+02   0.0000000000000E+00
  0.1560948200000E+02   0.0000000000000E+00
  0.1580945500000E+02   0.0000000000000E+00
  0.1601199000000E+02   0.0000000000000E+00
  0.1621712000000E+02   0.0000000000000E+00
  0.1642487800000E+02   0.0000000000000E+00
  0.1663529800000E+02   0.0000000000000E+00
  0.1684841300000E+02   0.0000000000000E+00
  0.1706425800000E+02   0.0000000000000E+00
  0.1728286900000E+02   0.0000000000000E+00
  0.1750428000000E+02   0.0000000000000E+00
  0.1772852800000E+02   0.0000000000000E+00
  0.1795564900000E+02   0.0000000000000E+00
  0.1818567900000E+02   0.0000000000000E+00
  0.1841865600000E+02   0.0000000000000E+00
  0.1865461800000E+02   0.0000000000000E+00
  0.1889360300000E+02   0.0000000000000E+00
  0.1913564900000E+02   0.0000000000000E+00
  0.1938079600000E+02   0.0000000000000E+00
  0.1962908400000E+02   0.0000000000000E+00
  0.1988055300000E+02   0.0000000000000E+00
  0.2013524300000E+02   0.0000000000000E+00
  0.2039319600000E+02   0.0000000000000E+00
  0.2065445400000E+02   0.0000000000000E+00
  0.2091905800000E+02   0.0000000000000E+00
  0.2118705300000E+02   0.0000000000000E+00
  0.2145848100000E+02   0.0000000000000E+00
  0.2173338600000E+02   0.0000000000000E+00
  0.2201181300000E+02   0.0000000000000E+00
  0.2229380700000E+02   0.0000000000000E+00
  0.2257941300000E+02   0.0000000000000E+00
  0.2286867900000E+02   0.0000000000000E+00
  0.2316165000000E+02   0.0000000000000E+00
  0.2345837400000E+02   0.0000000000000E+00
  0.2375890000000E+02   0.0000000000000E+00
  0.2406327600000E+02   0.0000000000000E+00
  0.2437155100000E+02   0.0000000000000E+00
  0.2468377600000E+02   0.0000000000000E+00
  0.2500000000000E+02   0.0000000000000E+00
  0.3073733500000E+02   0.0000000000000E+00
  0.3779135100000E+02   0.0000000000000E+00
  0.4646421800000E+02   0.0000000000000E+00
  0.5712744900000E+02   0.0000000000000E+00
  0.7023782300000E+02   0.0000000000000E+00
  0.8635694100000E+02   0.0000000000000E+00
  0.1061752900000E+03   0.0000000000000E+00
  0.1305418200000E+03   0.0000000000000E+00
  0.1605003100000E+03   0.0000000000000E+00
  0.1973340700000E+03   0.0000000000000E+00
  0.2426209400000E+03   0.0000000000000E+00
  0.2983008500000E+03   0.0000000000000E+00
  0.3667589300000E+03   0.0000000000000E+00
  0.4509276900000E+03   0.0000000000000E+00
  0.5544126200000E+03   0.0000000000000E+00
  0.6816466600000E+03   0.0000000000000E+00
  0.8380800900000E+03   0.0000000000000E+00
  0.1030413900000E+04   0.0000000000000E+00
  0.1266887200000E+04   0.0000000000000E+00
  0.1557629400000E+04   0.0000000000000E+00
  0.1915095100000E+04   0.0000000000000E+00
  0.2354596800000E+04   0.0000000000000E+00
  0.2894961300000E+04   0.0000000000000E+00
  0.3559335800000E+04   0.0000000000000E+00
  0.4376180000000E+04   0.0000000000000E+00
  0.5380484400000E+04   0.0000000000000E+00
  0.6615270200000E+04   0.0000000000000E+00
  0.8133431100000E+04   0.0000000000000E+00
  0.1000000000000E+05   0.0000000000000E+00
