           1
        2010
  
  0.1000000000000E-01   0.2981867620980E-12
  0.1006572600000E-01   0.2960766956160E-12
  0.1013188400000E-01   0.2939680534967E-12
  0.1019847600000E-01   0.2918611552873E-12
  0.1026550700000E-01   0.2897562208295E-12
  0.1033297800000E-01   0.2876535911531E-12
  0.1040089200000E-01   0.2857495883227E-12
  0.1046925300000E-01   0.2834563012048E-12
  0.1053806300000E-01   0.2813621720536E-12
  0.1060732500000E-01   0.2792714094689E-12
  0.1067704300000E-01   0.2771842368478E-12
  0.1074721800000E-01   0.2751009624619E-12
  0.1081785600000E-01   0.2731591634401E-12
  0.1088895700000E-01   0.2709469006633E-12
  0.1096052500000E-01   0.2688766452641E-12
  0.1103256400000E-01   0.2668111758165E-12
  0.1110507700000E-01   0.2647507176999E-12
  0.1117806600000E-01   0.2644141876770E-12
  0.1125153500000E-01   0.2606457690778E-12
  0.1132548600000E-01   0.2586017049191E-12
  0.1139992400000E-01   0.2565634786114E-12
  0.1147485100000E-01   0.2545313200623E-12
  0.1155027100000E-01   0.2525054000993E-12
  0.1162618600000E-01   0.2510014750541E-12
  0.1170260000000E-01   0.2484730989810E-12
  0.1177951600000E-01   0.2464670648587E-12
  0.1185693800000E-01   0.2448765531830E-12
  0.1193486900000E-01   0.2424760546798E-12
  0.1201331200000E-01   0.2404914274608E-12
  0.1209227000000E-01   0.2385142773815E-12
  0.1217174800000E-01   0.2365447186027E-12
  0.1225174800000E-01   0.2363620172705E-12
  0.1233227300000E-01   0.2326290858044E-12
  0.1241332800000E-01   0.2306832709858E-12
  0.1249491600000E-01   0.2287996527132E-12
  0.1257704000000E-01   0.2268163384869E-12
  0.1265970300000E-01   0.2249999308711E-12
  0.1274291000000E-01   0.2229832318657E-12
  0.1282666400000E-01   0.2210796510936E-12
  0.1291096900000E-01   0.2191848702841E-12
  0.1299582700000E-01   0.2172990376829E-12
  0.1308124300000E-01   0.2154222309711E-12
  0.1316722100000E-01   0.2135545474449E-12
  0.1325376300000E-01   0.2117472966558E-12
  0.1334087500000E-01   0.2098470087673E-12
  0.1342855900000E-01   0.2080073315390E-12
  0.1351681900000E-01   0.2061771766008E-12
  0.1360566000000E-01   0.2043566048835E-12
  0.1369508400000E-01   0.2026748836771E-12
  0.1378509600000E-01   0.2008837976168E-12
  0.1387570000000E-01   0.1989533440319E-12
  0.1396689900000E-01   0.1971719837656E-12
  0.1405869800000E-01   0.1954495925626E-12
  0.1415110000000E-01   0.1936392506302E-12
  0.1424410900000E-01   0.1919233463693E-12
  0.1433773000000E-01   0.1901469486200E-12
  0.1443196600000E-01   0.1884161028452E-12
  0.1452682100000E-01   0.1866955392437E-12
  0.1462230000000E-01   0.1849852911078E-12
  0.1471840600000E-01   0.1832854252605E-12
  0.1481514400000E-01   0.1816290201181E-12
  0.1491251800000E-01   0.1799922544764E-12
  0.1501053200000E-01   0.1782484684915E-12
  0.1510919000000E-01   0.1765905026394E-12
  0.1520849600000E-01   0.1750435775933E-12
  0.1530845500000E-01   0.1733063100754E-12
  0.1540907200000E-01   0.1716801186767E-12
  0.1551034900000E-01   0.1701234081844E-12
  0.1561229200000E-01   0.1684597479530E-12
  0.1571490500000E-01   0.1668655918159E-12
  0.1581819300000E-01   0.1652821399963E-12
  0.1592215900000E-01   0.1637094304030E-12
  0.1602680900000E-01   0.1621474534721E-12
  0.1613214600000E-01   0.1605962429568E-12
  0.1623817600000E-01   0.1590557863865E-12
  0.1634490300000E-01   0.1575260992151E-12
  0.1645233100000E-01   0.1560071947987E-12
  0.1656046600000E-01   0.1544990567224E-12
  0.1666931100000E-01   0.1530017090339E-12
  0.1677887100000E-01   0.1515606524161E-12
  0.1688915200000E-01   0.1500393475569E-12
  0.1700015700000E-01   0.1486008779788E-12
  0.1711189200000E-01   0.1471745980566E-12
  0.1722436200000E-01   0.1456765714086E-12
  0.1733757000000E-01   0.1444542826362E-12
  0.1745152300000E-01   0.1428571889412E-12
  0.1756622500000E-01   0.1414105141122E-12
  0.1768168000000E-01   0.1400099362942E-12
  0.1779789400000E-01   0.1386200475554E-12
  0.1791487300000E-01   0.1372659171985E-12
  0.1803262000000E-01   0.1358722523353E-12
  0.1815114100000E-01   0.1345143180741E-12
  0.1827044100000E-01   0.1332177937984E-12
  0.1839052500000E-01   0.1318302575130E-12
  0.1851139800000E-01   0.1305040852662E-12
  0.1863306600000E-01   0.1291884419298E-12
  0.1875553300000E-01   0.1279573917918E-12
  0.1887880500000E-01   0.1265886613978E-12
  0.1900288800000E-01   0.1253044497816E-12
  0.1912778600000E-01   0.1240514291520E-12
  0.1925350500000E-01   0.1227672547032E-12
  0.1938005000000E-01   0.1215142025225E-12
  0.1950742700000E-01   0.1202902495907E-12
  0.1963564200000E-01   0.1190389977712E-12
  0.1976469900000E-01   0.1178167823362E-12
  0.1989460400000E-01   0.1166047752273E-12
  0.2002536300000E-01   0.1154029338630E-12
  0.2015698100000E-01   0.1142112242951E-12
  0.2028946500000E-01   0.1130295939794E-12
  0.2042281900000E-01   0.1118580167171E-12
  0.2055705000000E-01   0.1106964391429E-12
  0.2069216300000E-01   0.1095448249942E-12
  0.2082816400000E-01   0.1084031288249E-12
  0.2096505800000E-01   0.1072713130635E-12
  0.2110285300000E-01   0.1061493150707E-12
  0.2124155300000E-01   0.1050371047033E-12
  0.2138116500000E-01   0.1039346270049E-12
  0.2152169500000E-01   0.1028418349022E-12
  0.2166314800000E-01   0.1017586886013E-12
  0.2180553100000E-01   0.1006851325624E-12
  0.2194885000000E-01   0.9962111876975E-13
  0.2209311000000E-01   0.9856660615205E-13
  0.2223831900000E-01   0.9756303921645E-13
  0.2238448300000E-01   0.9651514797091E-13
  0.2253160600000E-01   0.9545951503075E-13
  0.2267969700000E-01   0.9444246795064E-13
  0.2282876200000E-01   0.9343465570151E-13
  0.2297880600000E-01   0.9243603542482E-13
  0.2312983600000E-01   0.9144655055712E-13
  0.2328185900000E-01   0.9046614466514E-13
  0.2343488100000E-01   0.8949476773580E-13
  0.2358890800000E-01   0.8853236947484E-13
  0.2374394800000E-01   0.8757888711117E-13
  0.2390000800000E-01   0.8675058851101E-13
  0.2405709200000E-01   0.8569846285690E-13
  0.2421521000000E-01   0.8477140818334E-13
  0.2437436600000E-01   0.8385306157615E-13
  0.2453456900000E-01   0.8294335508063E-13
  0.2469582400000E-01   0.8204224373990E-13
  0.2485814000000E-01   0.8114966015650E-13
  0.2502152200000E-01   0.8026555919979E-13
  0.2518597800000E-01   0.7948079612032E-13
  0.2535151500000E-01   0.7852256445784E-13
  0.2551814000000E-01   0.7766355884074E-13
  0.2568586000000E-01   0.7681280663812E-13
  0.2585468300000E-01   0.7597024718011E-13
  0.2602461500000E-01   0.7513582993261E-13
  0.2619566400000E-01   0.7430949452987E-13
  0.2636783700000E-01   0.7351519190006E-13
  0.2654114200000E-01   0.7268084361219E-13
  0.2671558600000E-01   0.7188935545199E-13
  0.2689117700000E-01   0.7108383555523E-13
  0.2706792100000E-01   0.7029706008515E-13
  0.2724582700000E-01   0.6951802350700E-13
  0.2742490300000E-01   0.6874666729391E-13
  0.2760515500000E-01   0.6798294165113E-13
  0.2778659300000E-01   0.6722678001871E-13
  0.2796922200000E-01   0.6647813702949E-13
  0.2815305300000E-01   0.6574660731028E-13
  0.2833809100000E-01   0.6500315224628E-13
  0.2852434500000E-01   0.6427670417219E-13
  0.2871182400000E-01   0.6355753803526E-13
  0.2890053500000E-01   0.6284560128812E-13
  0.2909048600000E-01   0.6214083773041E-13
  0.2928168600000E-01   0.6145434270139E-13
  0.2947414200000E-01   0.6075259963008E-13
  0.2966786400000E-01   0.6006901077305E-13
  0.2986285800000E-01   0.5939237333987E-13
  0.3005913400000E-01   0.5873312490860E-13
  0.3025670100000E-01   0.5805971015006E-13
  0.3045556500000E-01   0.5741699292871E-13
  0.3065573700000E-01   0.5675416981784E-13
  0.3085722500000E-01   0.5611142808576E-13
  0.3106003600000E-01   0.5547530426852E-13
  0.3126418100000E-01   0.5484573619193E-13
  0.3146966800000E-01   0.5424002506160E-13
  0.3167650500000E-01   0.5360605818369E-13
  0.3188470100000E-01   0.5299584131097E-13
  0.3209426600000E-01   0.5239196363330E-13
  0.3230520900000E-01   0.5179437125489E-13
  0.3251753700000E-01   0.5120301617722E-13
  0.3273126200000E-01   0.5061783682111E-13
  0.3294639100000E-01   0.5003878587124E-13
  0.3316293400000E-01   0.4946580812790E-13
  0.3338090000000E-01   0.4891988373789E-13
  0.3360029900000E-01   0.4833786169606E-13
  0.3382113900000E-01   0.4782307494464E-13
  0.3404343200000E-01   0.4723357773661E-13
  0.3426718500000E-01   0.4669017956051E-13
  0.3449240900000E-01   0.4615254032652E-13
  0.3471911400000E-01   0.4562060792632E-13
  0.3494730800000E-01   0.4510734941601E-13
  0.3517700200000E-01   0.4460526794051E-13
  0.3540820600000E-01   0.4409052389870E-13
  0.3564092900000E-01   0.4356260582463E-13
  0.3587518200000E-01   0.4304480297463E-13
  0.3611097500000E-01   0.4256504402063E-13
  0.3634831800000E-01   0.4205266911748E-13
  0.3658722000000E-01   0.4156458911445E-13
  0.3682769300000E-01   0.4109261143226E-13
  0.3706974600000E-01   0.4060415265874E-13
  0.3731339000000E-01   0.4013170063292E-13
  0.3755863500000E-01   0.3966436234381E-13
  0.3780549300000E-01   0.3920208723591E-13
  0.3805397300000E-01   0.3874483083586E-13
  0.3830408600000E-01   0.3829795329811E-13
  0.3855584200000E-01   0.3784518500428E-13
  0.3880925400000E-01   0.3740269946864E-13
  0.3906433100000E-01   0.3696504569801E-13
  0.3932108500000E-01   0.3653217587829E-13
  0.3957952600000E-01   0.3610404602300E-13
  0.3983966600000E-01   0.3568060921969E-13
  0.4010151500000E-01   0.3528288111366E-13
  0.4036508600000E-01   0.3488304184654E-13
  0.4063038900000E-01   0.3443801259431E-13
  0.4089743600000E-01   0.3403290237612E-13
  0.4116623800000E-01   0.3364040891950E-13
  0.4143680600000E-01   0.3323605369766E-13
  0.4170915300000E-01   0.3284422713492E-13
  0.4198329000000E-01   0.3245674205193E-13
  0.4225922900000E-01   0.3207355547767E-13
  0.4253698100000E-01   0.3169462622909E-13
  0.4281655900000E-01   0.3132786534017E-13
  0.4309797500000E-01   0.3094936749315E-13
  0.4338124000000E-01   0.3058295631670E-13
  0.4366636700000E-01   0.3022063506057E-13
  0.4395336800000E-01   0.2986236323829E-13
  0.4424225500000E-01   0.2950810074853E-13
  0.4453304100000E-01   0.2915780667387E-13
  0.4482573800000E-01   0.2881144172499E-13
  0.4512035900000E-01   0.2847562744883E-13
  0.4541691700000E-01   0.2824709831771E-13
  0.4571542300000E-01   0.2779552523728E-13
  0.4601589200000E-01   0.2749275581707E-13
  0.4631833500000E-01   0.2713717476472E-13
  0.4662276600000E-01   0.2681356298583E-13
  0.4692919900000E-01   0.2649360844639E-13
  0.4723764500000E-01   0.2617727597423E-13
  0.4754811800000E-01   0.2586452763429E-13
  0.4786063200000E-01   0.2555532593568E-13
  0.4817520000000E-01   0.2524963478459E-13
  0.4849183600000E-01   0.2494741749670E-13
  0.4881055300000E-01   0.2464863873315E-13
  0.4913136400000E-01   0.2435326349592E-13
  0.4945428400000E-01   0.2406125532951E-13
  0.4977932700000E-01   0.2377257911580E-13
  0.5010650600000E-01   0.2348720098423E-13
  0.5043583500000E-01   0.2320508652866E-13
  0.5076732900000E-01   0.2292620087833E-13
  0.5110100200000E-01   0.2265051040278E-13
  0.5143686700000E-01   0.2237798262865E-13
  0.5177494000000E-01   0.2215871347126E-13
  0.5211523600000E-01   0.2184227819876E-13
  0.5245776800000E-01   0.2157903680562E-13
  0.5280255100000E-01   0.2131882618284E-13
  0.5314960000000E-01   0.2107642980273E-13
  0.5349893000000E-01   0.2080736854947E-13
  0.5385055700000E-01   0.2056433452692E-13
  0.5420449400000E-01   0.2030765081609E-13
  0.5456075800000E-01   0.2006211658209E-13
  0.5491936300000E-01   0.1981942488122E-13
  0.5528032500000E-01   0.1957954487221E-13
  0.5564366000000E-01   0.1935147640286E-13
  0.5600938200000E-01   0.1910809968192E-13
  0.5637750900000E-01   0.1887647459504E-13
  0.5674805500000E-01   0.1865628156708E-13
  0.5712103600000E-01   0.1842127470050E-13
  0.5749646900000E-01   0.1819764137655E-13
  0.5787437000000E-01   0.1797661423760E-13
  0.5825475400000E-01   0.1775816573770E-13
  0.5863763800000E-01   0.1754226748606E-13
  0.5902303900000E-01   0.1733697391008E-13
  0.5941097300000E-01   0.1711801044193E-13
  0.5980145700000E-01   0.1691180222061E-13
  0.6019450700000E-01   0.1670362484630E-13
  0.6059014100000E-01   0.1650006641722E-13
  0.6098837500000E-01   0.1630972232120E-13
  0.6138922600000E-01   0.1610008706584E-13
  0.6179271200000E-01   0.1590556268062E-13
  0.6219885000000E-01   0.1570945012884E-13
  0.6260765700000E-01   0.1551757123535E-13
  0.6301915100000E-01   0.1532795156842E-13
  0.6343335000000E-01   0.1514056602871E-13
  0.6385027100000E-01   0.1495539026166E-13
  0.6426993200000E-01   0.1477239974679E-13
  0.6469235200000E-01   0.1459710278386E-13
  0.6511754800000E-01   0.1441287701681E-13
  0.6554553900000E-01   0.1423629723113E-13
  0.6597634200000E-01   0.1406180751368E-13
  0.6640997800000E-01   0.1388938356661E-13
  0.6684646300000E-01   0.1372537504711E-13
  0.6728581700000E-01   0.1355440952555E-13
  0.6772805900000E-01   0.1338428162641E-13
  0.6817320700000E-01   0.1321989540798E-13
  0.6862128100000E-01   0.1305746247344E-13
  0.6907230100000E-01   0.1289696062895E-13
  0.6952628400000E-01   0.1273836900313E-13
  0.6998325200000E-01   0.1258425651115E-13
  0.7044322300000E-01   0.1242682859085E-13
  0.7090621700000E-01   0.1227383794534E-13
  0.7137225400000E-01   0.1212951960408E-13
  0.7184135400000E-01   0.1197331133948E-13
  0.7231353800000E-01   0.1182573406157E-13
  0.7278882500000E-01   0.1167992075971E-13
  0.7326723500000E-01   0.1153585154230E-13
  0.7374879100000E-01   0.1139350587539E-13
  0.7423351100000E-01   0.1125286495867E-13
  0.7472141700000E-01   0.1111390904615E-13
  0.7521253000000E-01   0.1097661893260E-13
  0.7570687100000E-01   0.1084097565015E-13
  0.7620446000000E-01   0.1070696073016E-13
  0.7670532100000E-01   0.1057455486436E-13
  0.7720947300000E-01   0.1044374031146E-13
  0.7771693900000E-01   0.1031449850051E-13
  0.7822774000000E-01   0.1018681160754E-13
  0.7874189900000E-01   0.1006066153168E-13
  0.7925943700000E-01   0.9936030890442E-14
  0.7978037600000E-01   0.9812902267644E-14
  0.8030473900000E-01   0.9691258231404E-14
  0.8083254900000E-01   0.9573418379915E-14
  0.8136382800000E-01   0.9454159533833E-14
  0.8189859900000E-01   0.9336353524428E-14
  0.8243688400000E-01   0.9219188643133E-14
  0.8297870800000E-01   0.9104714639840E-14
  0.8352409200000E-01   0.8991625607698E-14
  0.8407306200000E-01   0.8879904977349E-14
  0.8462563900000E-01   0.8771682676516E-14
  0.8518184800000E-01   0.8660506951769E-14
  0.8574171300000E-01   0.8552798056541E-14
  0.8630525800000E-01   0.8446395376077E-14
  0.8687250700000E-01   0.8341283755963E-14
  0.8744348400000E-01   0.8237448231591E-14
  0.8801821300000E-01   0.8134874024293E-14
  0.8859672100000E-01   0.8037511885358E-14
  0.8917903000000E-01   0.7933450161654E-14
  0.8976516700000E-01   0.7837748952815E-14
  0.9035515600000E-01   0.7736896666593E-14
  0.9094902300000E-01   0.7640410803435E-14
  0.9154679400000E-01   0.7545152997414E-14
  0.9214849300000E-01   0.7451117547001E-14
  0.9275414700000E-01   0.7358227658672E-14
  0.9336378100000E-01   0.7268169984266E-14
  0.9397742300000E-01   0.7175823774622E-14
  0.9459509700000E-01   0.7086288625588E-14
  0.9521683200000E-01   0.6997856223716E-14
  0.9584265200000E-01   0.6910496491161E-14
  0.9647258600000E-01   0.6824197260093E-14
  0.9710666100000E-01   0.6738962145769E-14
  0.9774490300000E-01   0.6654777225440E-14
  0.9838733900000E-01   0.6572333936288E-14
  0.9903399800000E-01   0.6490989703072E-14
  0.9968490800000E-01   0.6408312710368E-14
  0.1003401000000E+00   0.6328159011797E-14
  0.1009995900000E+00   0.6248981568298E-14
  0.1016634200000E+00   0.6170767974276E-14
  0.1023316100000E+00   0.6093513972245E-14
  0.1030041900000E+00   0.6017205783361E-14
  0.1036812000000E+00   0.5945499752715E-14
  0.1043626500000E+00   0.5867381541863E-14
  0.1050485800000E+00   0.5793844154299E-14
  0.1057390200000E+00   0.5721198153847E-14
  0.1064340000000E+00   0.5649437870904E-14
  0.1071335500000E+00   0.5578552521495E-14
  0.1078376900000E+00   0.5508535746002E-14
  0.1085464700000E+00   0.5439375531352E-14
  0.1092599000000E+00   0.5371066025011E-14
  0.1099780200000E+00   0.5303592265795E-14
  0.1107008600000E+00   0.5236904141536E-14
  0.1114284500000E+00   0.5171128360385E-14
  0.1121608200000E+00   0.5106164958634E-14
  0.1128980100000E+00   0.5041998673335E-14
  0.1136400400000E+00   0.4978620504350E-14
  0.1143869500000E+00   0.4916020854448E-14
  0.1151387700000E+00   0.4854191635949E-14
  0.1158955200000E+00   0.4794436195195E-14
  0.1166572600000E+00   0.4732808694582E-14
  0.1174240000000E+00   0.4673236878472E-14
  0.1181957800000E+00   0.4614399724769E-14
  0.1189726300000E+00   0.4556288596931E-14
  0.1197545900000E+00   0.4498894504226E-14
  0.1205416800000E+00   0.4442209926948E-14
  0.1213339500000E+00   0.4386225340036E-14
  0.1221314300000E+00   0.4330932539845E-14
  0.1229341500000E+00   0.4276486290399E-14
  0.1237421500000E+00   0.4222390147764E-14
  0.1245554500000E+00   0.4169713804340E-14
  0.1253741000000E+00   0.4116518592564E-14
  0.1261981400000E+00   0.4064563890610E-14
  0.1270275800000E+00   0.4013253179107E-14
  0.1278624800000E+00   0.3962573923169E-14
  0.1287028700000E+00   0.3912659072321E-14
  0.1295487800000E+00   0.3863131814930E-14
  0.1304002500000E+00   0.3814278509420E-14
  0.1312573200000E+00   0.3766069336596E-14
  0.1321200200000E+00   0.3718459928361E-14
  0.1329883900000E+00   0.3671442972669E-14
  0.1338624700000E+00   0.3625011162488E-14
  0.1347422900000E+00   0.3579158350705E-14
  0.1356278900000E+00   0.3533877138252E-14
  0.1365193200000E+00   0.3489160157936E-14
  0.1374166100000E+00   0.3445051204843E-14
  0.1383197900000E+00   0.3401391743937E-14
  0.1392289100000E+00   0.3358326635427E-14
  0.1401440000000E+00   0.3315371403766E-14
  0.1410651100000E+00   0.3273368174170E-14
  0.1419922700000E+00   0.3231663669865E-14
  0.1429255300000E+00   0.3190744393868E-14
  0.1438649200000E+00   0.3150339529049E-14
  0.1448104800000E+00   0.3110438711452E-14
  0.1457622600000E+00   0.3071309894537E-14
  0.1467203000000E+00   0.3032121099817E-14
  0.1476846300000E+00   0.2994987220080E-14
  0.1486553000000E+00   0.2955743808050E-14
  0.1496323500000E+00   0.2918267662167E-14
  0.1506158200000E+00   0.2881258957261E-14
  0.1516057500000E+00   0.2844712269451E-14
  0.1526022000000E+00   0.2808267653571E-14
  0.1536051900000E+00   0.2770462968819E-14
  0.1546147700000E+00   0.2736123431592E-14
  0.1556309900000E+00   0.2701271365044E-14
  0.1566538900000E+00   0.2666229872324E-14
  0.1576835100000E+00   0.2632032575615E-14
  0.1587199000000E+00   0.2598235807965E-14
  0.1597631000000E+00   0.2565987092714E-14
  0.1608131500000E+00   0.2532792229210E-14
  0.1618701100000E+00   0.2500686223663E-14
  0.1629340200000E+00   0.2467953799297E-14
  0.1640049100000E+00   0.2436611420093E-14
  0.1650828500000E+00   0.2405653607762E-14
  0.1661678700000E+00   0.2375082286264E-14
  0.1672600200000E+00   0.2346958163723E-14
  0.1683593600000E+00   0.2314695115295E-14
  0.1694659100000E+00   0.2283983388656E-14
  0.1705797400000E+00   0.2254969535177E-14
  0.1717008900000E+00   0.2226324932726E-14
  0.1728294100000E+00   0.2195344587981E-14
  0.1739653500000E+00   0.2167415549025E-14
  0.1751087500000E+00   0.2139975988591E-14
  0.1762596700000E+00   0.2112815104911E-14
  0.1774181500000E+00   0.2086028933662E-14
  0.1785842400000E+00   0.2059635871984E-14
  0.1797580000000E+00   0.2035702663253E-14
  0.1809394800000E+00   0.2013012316656E-14
  0.1821287200000E+00   0.1982422020886E-14
  0.1833257800000E+00   0.1957319188738E-14
  0.1845307000000E+00   0.1932526789503E-14
  0.1857435400000E+00   0.1908042009758E-14
  0.1869643600000E+00   0.1883862644304E-14
  0.1881932000000E+00   0.1869445656430E-14
  0.1894301100000E+00   0.1836421558423E-14
  0.1906751600000E+00   0.1814295195861E-14
  0.1919283900000E+00   0.1791524217657E-14
  0.1931898500000E+00   0.1767993966039E-14
  0.1944596100000E+00   0.1744912869953E-14
  0.1957377100000E+00   0.1722443617096E-14
  0.1970242200000E+00   0.1700557754986E-14
  0.1983191700000E+00   0.1678943977266E-14
  0.1996226400000E+00   0.1657582403017E-14
  0.2009346800000E+00   0.1636502107455E-14
  0.2022553400000E+00   0.1615683329301E-14
  0.2035846800000E+00   0.1595112346711E-14
  0.2049227600000E+00   0.1574812439311E-14
  0.2062696300000E+00   0.1555344519281E-14
  0.2076253600000E+00   0.1530583591568E-14
  0.2089899900000E+00   0.1504984602842E-14
  0.2103636000000E+00   0.1485881752335E-14
  0.2117462300000E+00   0.1467046031121E-14
  0.2131379500000E+00   0.1448460905376E-14
  0.2145388200000E+00   0.1448324637285E-14
  0.2159488900000E+00   0.1412036142701E-14
  0.2173682300000E+00   0.1394171730903E-14
  0.2187969100000E+00   0.1376277397812E-14
  0.2202349700000E+00   0.1354130539572E-14
  0.2216824800000E+00   0.1337449485818E-14
  0.2231395100000E+00   0.1320952092737E-14
  0.2246061100000E+00   0.1308708591042E-14
  0.2260823500000E+00   0.1288512509562E-14
  0.2275683000000E+00   0.1272492841777E-14
  0.2290640100000E+00   0.1256592225478E-14
  0.2305695500000E+00   0.1263433874274E-14
  0.2320849900000E+00   0.1229768311567E-14
  0.2336103900000E+00   0.1209977180866E-14
  0.2351458200000E+00   0.1192925051153E-14
  0.2366913300000E+00   0.1177815243988E-14
  0.2382470100000E+00   0.1162895632843E-14
  0.2398129000000E+00   0.1148162231038E-14
  0.2413891000000E+00   0.1133614809838E-14
  0.2429756500000E+00   0.1119248416520E-14
  0.2445726200000E+00   0.1105309205383E-14
  0.2461801000000E+00   0.1091574416964E-14
  0.2477981400000E+00   0.1079638261394E-14
  0.2494268100000E+00   0.1064578114115E-14
  0.2510661900000E+00   0.1053441641561E-14
  0.2527163500000E+00   0.1026506654304E-14
  0.2543773500000E+00   0.1018929572034E-14
  0.2560492600000E+00   0.1003344579405E-14
  0.2577321700000E+00   0.9936792450358E-15
  0.2594261400000E+00   0.9776083053246E-15
  0.2611312400000E+00   0.9714205087855E-15
  0.2628475400000E+00   0.9505562154535E-15
  0.2645751300000E+00   0.9340274221440E-15
  0.2663140700000E+00   0.9228042445335E-15
  0.2680644500000E+00   0.9116877980566E-15
  0.2698263200000E+00   0.9006846133787E-15
  0.2715997800000E+00   0.8897519464210E-15
  0.2733848900000E+00   0.8789149429804E-15
  0.2751817400000E+00   0.8654293541605E-15
  0.2769903900000E+00   0.8547805647392E-15
  0.2788109400000E+00   0.8442484661325E-15
  0.2806434400000E+00   0.8338249223988E-15
  0.2824880000000E+00   0.8234785940438E-15
  0.2843446700000E+00   0.8168103738029E-15
  0.2862135500000E+00   0.8031325330750E-15
  0.2880947200000E+00   0.8040098145104E-15
  0.2899882400000E+00   0.7832981281832E-15
  0.2918942200000E+00   0.7735740722441E-15
  0.2938127200000E+00   0.7632883236912E-15
  0.2957438300000E+00   0.7531459367902E-15
  0.2976876300000E+00   0.7438049367949E-15
  0.2996442000000E+00   0.7409295904150E-15
  0.3016136400000E+00   0.7252895080429E-15
  0.3035960200000E+00   0.7216306769031E-15
  0.3055914300000E+00   0.7072046320234E-15
  0.3075999600000E+00   0.6983119457042E-15
  0.3096216900000E+00   0.6895252076031E-15
  0.3116567000000E+00   0.6808427425007E-15
  0.3137050900000E+00   0.6831030992754E-15
  0.3157669500000E+00   0.6638287142272E-15
  0.3178423500000E+00   0.6555073333747E-15
  0.3199314000000E+00   0.6472842605230E-15
  0.3220341700000E+00   0.6391578211235E-15
  0.3241507700000E+00   0.6492435685092E-15
  0.3262812800000E+00   0.6231915925757E-15
  0.3284257900000E+00   0.6153486312130E-15
  0.3305844000000E+00   0.6075982252712E-15
  0.3327571900000E+00   0.5999395626579E-15
  0.3349442700000E+00   0.5938310760279E-15
  0.3371457200000E+00   0.8052055601902E-15
  0.3393616400000E+00   0.5775074648653E-15
  0.3415921200000E+00   0.5702076204624E-15
  0.3438372600000E+00   0.5629961833718E-15
  0.3460971600000E+00   0.5647317424026E-15
  0.3483719200000E+00   0.5485327250463E-15
  0.3506616200000E+00   0.5415897625251E-15
  0.3529663700000E+00   0.5347302930828E-15
  0.3552862800000E+00   0.5279522371276E-15
  0.3576214300000E+00   0.5212551164951E-15
  0.3599719200000E+00   0.5146393375207E-15
  0.3623378700000E+00   0.5105792053571E-15
  0.3647193700000E+00   0.5015853102195E-15
  0.3671165200000E+00   0.4952101551745E-15
  0.3695294200000E+00   0.4889476280851E-15
  0.3719581800000E+00   0.4838133690480E-15
  0.3744029100000E+00   0.4766492378436E-15
  0.3768637100000E+00   0.4723536991301E-15
  0.3793406700000E+00   0.4644427705419E-15
  0.3818339200000E+00   0.4585350711501E-15
  0.3843435600000E+00   0.4526999197998E-15
  0.3868696900000E+00   0.4469355160373E-15
  0.3894124200000E+00   0.4412412808920E-15
  0.3919718700000E+00   0.4355966355816E-15
  0.3945481400000E+00   0.4300436274483E-15
  0.3971413400000E+00   0.4245590845211E-15
  0.3997515900000E+00   0.4191411410193E-15
  0.4023789900000E+00   0.4137894312743E-15
  0.4050236600000E+00   0.4085042366875E-15
  0.4076857100000E+00   0.4032856073107E-15
  0.4103652600000E+00   0.3981319448846E-15
  0.4130624200000E+00   0.3930423880160E-15
  0.4157773100000E+00   0.3880162753737E-15
  0.4185100400000E+00   0.3830464783047E-15
  0.4212607300000E+00   0.4415113095292E-15
  0.4240295100000E+00   0.3733081474982E-15
  0.4268164800000E+00   0.3685299756660E-15
  0.4296217600000E+00   0.3638113839828E-15
  0.4324454900000E+00   0.3591517601418E-15
  0.4352877800000E+00   0.3545505429329E-15
  0.4381487400000E+00   0.3500069925526E-15
  0.4410285100000E+00   0.3455207935204E-15
  0.4439272100000E+00   0.3410915150808E-15
  0.4468449600000E+00   0.3367177651509E-15
  0.4497818900000E+00   0.3323989673957E-15
  0.4527381200000E+00   0.3281343870202E-15
  0.4557137800000E+00   0.3239234063917E-15
  0.4587089900000E+00   0.3197654445224E-15
  0.4617239000000E+00   0.3156598554262E-15
  0.4647586200000E+00   0.3126799439975E-15
  0.4678132800000E+00   0.3076034571564E-15
  0.4708880300000E+00   0.3036513135225E-15
  0.4739829800000E+00   0.2997491553346E-15
  0.4770982700000E+00   0.2960475401485E-15
  0.4802340400000E+00   0.2920921215856E-15
  0.4833904200000E+00   0.2883361276553E-15
  0.4865675500000E+00   0.2848680788283E-15
  0.4897655500000E+00   0.2809661902791E-15
  0.4929845800000E+00   0.2773510862187E-15
  0.4962247600000E+00   0.2739823170293E-15
  0.4994862400000E+00   0.2702580593308E-15
  0.5027691600000E+00   0.2667792218759E-15
  0.5060736500000E+00   0.2642021572340E-15
  0.5093998600000E+00   0.2599531354304E-15
  0.5127479400000E+00   0.2566050811827E-15
  0.5161180200000E+00   0.2535173577269E-15
  0.5195102500000E+00   0.2500362786805E-15
  0.5229247700000E+00   0.2468145285434E-15
  0.5263617400000E+00   0.2436337933276E-15
  0.5298213000000E+00   0.2404936153963E-15
  0.5333035900000E+00   0.2373935505029E-15
  0.5368087800000E+00   0.2343329701070E-15
  0.5403370000000E+00   0.2313114994557E-15
  0.5438884100000E+00   0.2283285981647E-15
  0.5474631600000E+00   0.2253838075168E-15
  0.5510614100000E+00   0.2224766414717E-15
  0.5546833100000E+00   0.2196066429573E-15
  0.5583290100000E+00   0.2167733500662E-15
  0.5619986800000E+00   0.2139762811221E-15
  0.5656924600000E+00   0.2112150211118E-15
  0.5694105300000E+00   0.2084890983787E-15
  0.5731530200000E+00   0.2057980785847E-15
  0.5769201200000E+00   0.2031415375065E-15
  0.5807119800000E+00   0.2005190114779E-15
  0.5845287600000E+00   0.1980189163657E-15
  0.5883706200000E+00   0.1953743650042E-15
  0.5922377400000E+00   0.1928514156603E-15
  0.5961302700000E+00   0.1903608029364E-15
  0.6000483900000E+00   0.1880081405764E-15
  0.6039922600000E+00   0.1854749991104E-15
  0.6079620500000E+00   0.1830790078459E-15
  0.6119579300000E+00   0.1807137758738E-15
  0.6159800800000E+00   0.1783789106867E-15
  0.6200286600000E+00   0.1760740111702E-15
  0.6241038500000E+00   0.1737987295788E-15
  0.6282058300000E+00   0.1715526599405E-15
  0.6323347600000E+00   0.1693354678159E-15
  0.6364908400000E+00   0.1671467228201E-15
  0.6406742300000E+00   0.1649861468585E-15
  0.6448851200000E+00   0.1628533326746E-15
  0.6491236800000E+00   0.1607478176104E-15
  0.6533901000000E+00   0.1586694960069E-15
  0.6576845600000E+00   0.1566178294844E-15
  0.6620072500000E+00   0.1545926170755E-15
  0.6663583500000E+00   0.1525934402893E-15
  0.6707380500000E+00   0.1506483345157E-15
  0.6751465300000E+00   0.1486720024508E-15
  0.6795839900000E+00   0.1467628825956E-15
  0.6840506100000E+00   0.1448508535796E-15
  0.6885465900000E+00   0.1429771003787E-15
  0.6930721200000E+00   0.1411274599653E-15
  0.6976274000000E+00   0.1393016458980E-15
  0.7022126200000E+00   0.1374993536999E-15
  0.7068279700000E+00   0.1357417089143E-15
  0.7114736600000E+00   0.1339641080689E-15
  0.7161498800000E+00   0.1322305736631E-15
  0.7208568300000E+00   0.1305193731195E-15
  0.7255947300000E+00   0.1288301786884E-15
  0.7303637600000E+00   0.1271627425469E-15
  0.7351641400000E+00   0.1255168452535E-15
  0.7399960700000E+00   0.1238921705168E-15
  0.7448597600000E+00   0.1222883679203E-15
  0.7497554100000E+00   0.1207053194302E-15
  0.7546832400000E+00   0.1191426777417E-15
  0.7596434600000E+00   0.1176001879944E-15
  0.7646362800000E+00   0.1160775901638E-15
  0.7696619200000E+00   0.1145746345228E-15
  0.7747205900000E+00   0.1130910618211E-15
  0.7798125100000E+00   0.1116266274770E-15
  0.7849378900000E+00   0.1101914471404E-15
  0.7900969600000E+00   0.1087677742312E-15
  0.7952899400000E+00   0.1073457234177E-15
  0.8005170500000E+00   0.1059554273190E-15
  0.8057785200000E+00   0.1045830671526E-15
  0.8110745700000E+00   0.1032284251291E-15
  0.8164054300000E+00   0.1018912628140E-15
  0.8217713200000E+00   0.1005713684306E-15
  0.8271724800000E+00   0.9926851497239E-16
  0.8326091500000E+00   0.9798247623751E-16
  0.8380815400000E+00   0.9671304680123E-16
  0.8435899000000E+00   0.9546001071452E-16
  0.8491344700000E+00   0.9422314960305E-16
  0.8547154800000E+00   0.9300226022925E-16
  0.8603331700000E+00   0.9179714336842E-16
  0.8659877800000E+00   0.9060758923024E-16
  0.8716795600000E+00   0.8943863823689E-16
  0.8774087500000E+00   0.8827437474595E-16
  0.8831755900000E+00   0.8713364885493E-16
  0.8889803400000E+00   0.8600105814478E-16
  0.8948232400000E+00   0.8488637638086E-16
  0.9007045400000E+00   0.8378870655146E-16
  0.9066245000000E+00   0.8270003567144E-16
  0.9125833700000E+00   0.8162800844512E-16
  0.9185814000000E+00   0.8056983304560E-16
  0.9246188600000E+00   0.7952533115008E-16
  0.9306959900000E+00   0.7849432790800E-16
  0.9368130700000E+00   0.7747665309335E-16
  0.9429703600000E+00   0.7647212691686E-16
  0.9491681100000E+00   0.7548420711003E-16
  0.9554066000000E+00   0.7450652431203E-16
  0.9616860900000E+00   0.7353578772020E-16
  0.9680068500000E+00   0.7258221164049E-16
  0.9743691600000E+00   0.7164469916126E-16
  0.9807732900000E+00   0.7071186945611E-16
  0.9872195000000E+00   0.6979479237266E-16
  0.9937080900000E+00   0.6888957781152E-16
  0.1000239300000E+01   0.6799606892870E-16
  0.1006813500000E+01   0.6711410029442E-16
  0.1013430800000E+01   0.6624355487021E-16
  0.1020091700000E+01   0.6538424622523E-16
  0.1026796300000E+01   0.6453605768053E-16
  0.1033545100000E+01   0.6369882425333E-16
  0.1040338100000E+01   0.6287243675678E-16
  0.1047175800000E+01   0.6205672715319E-16
  0.1054058500000E+01   0.6125156225063E-16
  0.1060986400000E+01   0.6045681427633E-16
  0.1067959800000E+01   0.5967234882955E-16
  0.1074979100000E+01   0.5889801993468E-16
  0.1082044400000E+01   0.5813371752596E-16
  0.1089156300000E+01   0.5737928708566E-16
  0.1096314800000E+01   0.5663616952645E-16
  0.1103520500000E+01   0.5589959282074E-16
  0.1110773500000E+01   0.5517484215971E-16
  0.1118074100000E+01   0.5445991168710E-16
  0.1125422700000E+01   0.5375105017545E-16
  0.1132819700000E+01   0.5305330312994E-16
  0.1140265200000E+01   0.5236459268052E-16
  0.1147759700000E+01   0.5168478020296E-16
  0.1155303500000E+01   0.5101376872044E-16
  0.1162896800000E+01   0.5035143102728E-16
  0.1170540000000E+01   0.4969767615507E-16
  0.1178233500000E+01   0.4905310259481E-16
  0.1185977600000E+01   0.4841665768966E-16
  0.1193772500000E+01   0.4778666796859E-16
  0.1201618700000E+01   0.4716690037720E-16
  0.1209516400000E+01   0.4655350119956E-16
  0.1217466100000E+01   0.4594884844934E-16
  0.1225468000000E+01   0.4535357717810E-16
  0.1233522500000E+01   0.4476290612006E-16
  0.1241629900000E+01   0.4418140631212E-16
  0.1249790600000E+01   0.4360743125967E-16
  0.1258005000000E+01   0.4304086194654E-16
  0.1266273300000E+01   0.4248163909691E-16
  0.1274596000000E+01   0.4192962480863E-16
  0.1282973400000E+01   0.4138536388981E-16
  0.1291405800000E+01   0.4085139025921E-16
  0.1299893700000E+01   0.4031715695216E-16
  0.1308437400000E+01   0.3979283971023E-16
  0.1317037200000E+01   0.3927477173519E-16
  0.1325693500000E+01   0.3876563647185E-16
  0.1334406800000E+01   0.3826119432918E-16
  0.1343177300000E+01   0.3776275287970E-16
  0.1352005400000E+01   0.3727317064727E-16
  0.1360891600000E+01   0.3678771977508E-16
  0.1369836200000E+01   0.3630855948516E-16
  0.1378839500000E+01   0.3583628647487E-16
  0.1387902100000E+01   0.3537081369952E-16
  0.1397024200000E+01   0.3490992354405E-16
  0.1406206200000E+01   0.3445569183357E-16
  0.1415448600000E+01   0.3400731431217E-16
  0.1424751800000E+01   0.3356471164538E-16
  0.1434116100000E+01   0.3312780531097E-16
  0.1443542000000E+01   0.3269652158224E-16
  0.1453029800000E+01   0.3227079669433E-16
  0.1462579900000E+01   0.3185055533237E-16
  0.1472192900000E+01   0.3143571985961E-16
  0.1481869000000E+01   0.3102708572776E-16
  0.1491608700000E+01   0.3062401370124E-16
  0.1501412400000E+01   0.3022366029422E-16
  0.1511280600000E+01   0.2982893488448E-16
  0.1521213600000E+01   0.2944005020456E-16
  0.1531211900000E+01   0.2905614256056E-16
  0.1541275900000E+01   0.2867926026276E-16
  0.1551406100000E+01   0.2830301083795E-16
  0.1561602800000E+01   0.2793364344363E-16
  0.1571866600000E+01   0.2756904999352E-16
  0.1582197800000E+01   0.2720911159535E-16
  0.1592597000000E+01   0.2685383159660E-16
  0.1603064400000E+01   0.2650323055920E-16
  0.1613600700000E+01   0.2615729555861E-16
  0.1624206200000E+01   0.2581604712660E-16
  0.1634881500000E+01   0.2549123990841E-16
  0.1645626900000E+01   0.2514959232827E-16
  0.1656442900000E+01   0.2482642880199E-16
  0.1667330000000E+01   0.2450277868980E-16
  0.1678288700000E+01   0.2418243029790E-16
  0.1689319400000E+01   0.2386869500426E-16
  0.1700422600000E+01   0.2355902312905E-16
  0.1711598800000E+01   0.2325336213357E-16
  0.1722848400000E+01   0.2295166127497E-16
  0.1734172000000E+01   0.2265386498401E-16
  0.1745569900000E+01   0.2236139425555E-16
  0.1757042900000E+01   0.2207308687510E-16
  0.1768591200000E+01   0.2178342568923E-16
  0.1780215400000E+01   0.2150076404644E-16
  0.1791916000000E+01   0.2122176352157E-16
  0.1803693500000E+01   0.2094637869572E-16
  0.1815548500000E+01   0.2067455950840E-16
  0.1827481300000E+01   0.2040626405498E-16
  0.1839492600000E+01   0.2014144312197E-16
  0.1851582800000E+01   0.1988005375908E-16
  0.1863752500000E+01   0.1962205157012E-16
  0.1876002200000E+01   0.1936739279807E-16
  0.1888332300000E+01   0.1911603647409E-16
  0.1900743600000E+01   0.1886793405673E-16
  0.1913236400000E+01   0.1862304902560E-16
  0.1925811300000E+01   0.1838194279552E-16
  0.1938468800000E+01   0.1814276163642E-16
  0.1951209600000E+01   0.1790771113577E-16
  0.1964034100000E+01   0.1767484194109E-16
  0.1976942900000E+01   0.1744542135319E-16
  0.1989936500000E+01   0.1721897500054E-16
  0.2003015500000E+01   0.1699546402793E-16
  0.2016180500000E+01   0.1677485113150E-16
  0.2029432000000E+01   0.1655709845787E-16
  0.2042770600000E+01   0.1634216876462E-16
  0.2056196900000E+01   0.1613002510910E-16
  0.2069711500000E+01   0.1592063160353E-16
  0.2083314800000E+01   0.1571395475848E-16
  0.2097007600000E+01   0.1551090969976E-16
  0.2110790300000E+01   0.1530860505368E-16
  0.2124663700000E+01   0.1510986296701E-16
  0.2138628200000E+01   0.1491369939005E-16
  0.2152684500000E+01   0.1472007907390E-16
  0.2166833200000E+01   0.1452896901879E-16
  0.2181074900000E+01   0.1434033770417E-16
  0.2195410200000E+01   0.1415474609062E-16
  0.2209839800000E+01   0.1397038092732E-16
  0.2224364100000E+01   0.1378899486910E-16
  0.2238984000000E+01   0.1360995983636E-16
  0.2253699900000E+01   0.1343324755689E-16
  0.2268512500000E+01   0.1325964889043E-16
  0.2283422500000E+01   0.1308666863565E-16
  0.2298430500000E+01   0.1291674241876E-16
  0.2313537100000E+01   0.1274902281597E-16
  0.2328743000000E+01   0.1258347832208E-16
  0.2344048900000E+01   0.1242007997973E-16
  0.2359455400000E+01   0.1225880206672E-16
  0.2374963100000E+01   0.1209961697805E-16
  0.2390572700000E+01   0.1194249745794E-16
  0.2406285000000E+01   0.1178741552505E-16
  0.2422100500000E+01   0.1163434575195E-16
  0.2438020000000E+01   0.1148339077958E-16
  0.2454044000000E+01   0.1133414043980E-16
  0.2470173500000E+01   0.1118695098999E-16
  0.2486408900000E+01   0.1104167100490E-16
  0.2502751000000E+01   0.1089827997008E-16
  0.2519200600000E+01   0.1075674636737E-16
  0.2535758200000E+01   0.1061704803208E-16
  0.2552424700000E+01   0.1047915995164E-16
  0.2569200700000E+01   0.1034306838114E-16
  0.2586087000000E+01   0.1020874023218E-16
  0.2603084300000E+01   0.1007615299665E-16
  0.2620193300000E+01   0.9945284472072E-17
  0.2637414800000E+01   0.9816116439444E-17
  0.2654749400000E+01   0.9688627499391E-17
  0.2672198000000E+01   0.9562790545966E-17
  0.2689761200000E+01   0.9438585356311E-17
  0.2707439900000E+01   0.9316220205553E-17
  0.2725234800000E+01   0.9194993238121E-17
  0.2743146600000E+01   0.9075637280923E-17
  0.2761176200000E+01   0.8957681992698E-17
  0.2779324200000E+01   0.8841333697068E-17
  0.2797591600000E+01   0.8726493079033E-17
  0.2815979000000E+01   0.8613301958115E-17
  0.2834487300000E+01   0.8501433251301E-17
  0.2853117200000E+01   0.8391341834996E-17
  0.2871869500000E+01   0.8281846845272E-17
  0.2890745100000E+01   0.8174547701913E-17
  0.2909744800000E+01   0.8068089579896E-17
  0.2928869400000E+01   0.7963503461747E-17
  0.2948119600000E+01   0.7859841060536E-17
  0.2967496400000E+01   0.7757740758018E-17
  0.2987000500000E+01   0.7656967179967E-17
  0.3006632800000E+01   0.7557500175072E-17
  0.3026394200000E+01   0.7459322612722E-17
  0.3046285400000E+01   0.7362422627402E-17
  0.3066307400000E+01   0.7266778923425E-17
  0.3086460900000E+01   0.7172377870391E-17
  0.3106747000000E+01   0.7079201526777E-17
  0.3127166300000E+01   0.6987236350210E-17
  0.3147719900000E+01   0.6896841719524E-17
  0.3168408600000E+01   0.6806868690541E-17
  0.3189233200000E+01   0.6718437685268E-17
  0.3210194700000E+01   0.6631155213534E-17
  0.3231294000000E+01   0.6545005344324E-17
  0.3252531900000E+01   0.6460011837108E-17
  0.3273909500000E+01   0.6376047255785E-17
  0.3295427500000E+01   0.6293209872932E-17
  0.3317087000000E+01   0.6211447883982E-17
  0.3338888800000E+01   0.6130747996852E-17
  0.3360834000000E+01   0.6051095355098E-17
  0.3382923300000E+01   0.5972477528083E-17
  0.3405157900000E+01   0.5894879997313E-17
  0.3427538600000E+01   0.5818289732881E-17
  0.3450066400000E+01   0.5742694323516E-17
  0.3472742200000E+01   0.5668112606577E-17
  0.3495567100000E+01   0.5594435732943E-17
  0.3518542100000E+01   0.5521784478806E-17
  0.3541668000000E+01   0.5450059017037E-17
  0.3564945900000E+01   0.5379292464264E-17
  0.3588376800000E+01   0.5309296956419E-17
  0.3611961700000E+01   0.5240310962326E-17
  0.3635701600000E+01   0.5172244101327E-17
  0.3659597600000E+01   0.5105013070043E-17
  0.3683650600000E+01   0.5038780401211E-17
  0.3707861700000E+01   0.4973211131512E-17
  0.3732232000000E+01   0.4908589380295E-17
  0.3756762400000E+01   0.4844895019110E-17
  0.3781454000000E+01   0.4781944446386E-17
  0.3806308000000E+01   0.4719712351595E-17
  0.3831325200000E+01   0.4658385292714E-17
  0.3856507000000E+01   0.4597853293560E-17
  0.3881854200000E+01   0.4538106769120E-17
  0.3907368000000E+01   0.4479135313001E-17
  0.3933049500000E+01   0.4420928908078E-17
  0.3958899800000E+01   0.4363477680716E-17
  0.3984920000000E+01   0.4306790137358E-17
  0.4011111200000E+01   0.4250892968311E-17
  0.4037474600000E+01   0.4195570583302E-17
  0.4064011300000E+01   0.4141047818776E-17
  0.4090722300000E+01   0.4087232680300E-17
  0.4117608900000E+01   0.4034116081463E-17
  0.4144672300000E+01   0.3981691402981E-17
  0.4171913500000E+01   0.3929965621288E-17
  0.4199333800000E+01   0.3878887507260E-17
  0.4226934200000E+01   0.3828464636183E-17
  0.4254716100000E+01   0.3778732248310E-17
  0.4282680600000E+01   0.3729625670411E-17
  0.4310828900000E+01   0.3681131745347E-17
  0.4339162200000E+01   0.3633291112958E-17
  0.4367681700000E+01   0.3586071877675E-17
  0.4396388700000E+01   0.3539465975905E-17
  0.4425284300000E+01   0.3493465675715E-17
  0.4454369900000E+01   0.3448062445710E-17
  0.4483646600000E+01   0.3403259801558E-17
  0.4513115700000E+01   0.3359018304977E-17
  0.4542778600000E+01   0.3315361552111E-17
  0.4572636400000E+01   0.3272272066313E-17
  0.4602690400000E+01   0.3229742414335E-17
  0.4632942000000E+01   0.3187765020635E-17
  0.4663392400000E+01   0.3146344678814E-17
  0.4694043000000E+01   0.3105439273611E-17
  0.4724895000000E+01   0.3065076596336E-17
  0.4755949700000E+01   0.3025238531505E-17
  0.4787208600000E+01   0.2985941991497E-17
  0.4818673000000E+01   0.2947107999844E-17
  0.4850344100000E+01   0.2908802390884E-17
  0.4882223400000E+01   0.2870993843838E-17
  0.4914312200000E+01   0.2833677270522E-17
  0.4946612000000E+01   0.2796845079229E-17
  0.4979124000000E+01   0.2760490995558E-17
  0.5011849700000E+01   0.2724609586609E-17
  0.5044790500000E+01   0.2689194205811E-17
  0.5077947800000E+01   0.2654244299910E-17
  0.5111323100000E+01   0.2619737226205E-17
  0.5144917700000E+01   0.2585683992702E-17
  0.5178733100000E+01   0.2552088312257E-17
  0.5212770800000E+01   0.2518904504381E-17
  0.5247032200000E+01   0.2486166738899E-17
  0.5281518700000E+01   0.2453839059164E-17
  0.5316232000000E+01   0.2421941131078E-17
  0.5351173400000E+01   0.2390458071273E-17
  0.5386344400000E+01   0.2359383695262E-17
  0.5421746600000E+01   0.2328713082502E-17
  0.5457381500000E+01   0.2298441121804E-17
  0.5493250600000E+01   0.2268562109121E-17
  0.5529355500000E+01   0.2239071668246E-17
  0.5565697600000E+01   0.2209964303655E-17
  0.5602278700000E+01   0.2181235103044E-17
  0.5639100100000E+01   0.2152879190299E-17
  0.5676163600000E+01   0.2124891592430E-17
  0.5713470700000E+01   0.2097280512092E-17
  0.5751022900000E+01   0.2070002849615E-17
  0.5788822000000E+01   0.2043092118952E-17
  0.5826869500000E+01   0.2016535459842E-17
  0.5865167100000E+01   0.1990315326080E-17
  0.5903716500000E+01   0.1964440054552E-17
  0.5942519100000E+01   0.1938901131687E-17
  0.5981576900000E+01   0.1913693933535E-17
  0.6020891300000E+01   0.1888814334988E-17
  0.6060464100000E+01   0.1864258011501E-17
  0.6100297000000E+01   0.1840020784339E-17
  0.6140391700000E+01   0.1816219108959E-17
  0.6180750000000E+01   0.1792486931836E-17
  0.6221373500000E+01   0.1769182266409E-17
  0.6262264000000E+01   0.1746180492593E-17
  0.6303423300000E+01   0.1723477814629E-17
  0.6344853100000E+01   0.1701072958225E-17
  0.6386555200000E+01   0.1678953095728E-17
  0.6428531300000E+01   0.1657124128894E-17
  0.6470783400000E+01   0.1635578775801E-17
  0.6513313200000E+01   0.1614313167559E-17
  0.6556122500000E+01   0.1593323700852E-17
  0.6599213200000E+01   0.1572606781049E-17
  0.6642587100000E+01   0.1552164876230E-17
  0.6686246000000E+01   0.1531978710160E-17
  0.6730192000000E+01   0.1512083520889E-17
  0.6774426700000E+01   0.1492401888466E-17
  0.6818952200000E+01   0.1473001468547E-17
  0.6863770400000E+01   0.1453845031366E-17
  0.6908883100000E+01   0.1434937501503E-17
  0.6954292300000E+01   0.1416279392077E-17
  0.7000000000000E+01   0.1397867072525E-17
  0.7008916400000E+01   0.1394317784580E-17
  0.7017844200000E+01   0.1390771386391E-17
  0.7026783400000E+01   0.1387238765036E-17
  0.7035733900000E+01   0.1383715266360E-17
  0.7044695900000E+01   0.1380209905874E-17
  0.7053669300000E+01   0.1376695001317E-17
  0.7062654100000E+01   0.1373198233899E-17
  0.7071650300000E+01   0.1369710353951E-17
  0.7080658000000E+01   0.1366231305948E-17
  0.7089677200000E+01   0.1362761073333E-17
  0.7098707800000E+01   0.1359305553992E-17
  0.7107750000000E+01   0.1355847026023E-17
  0.7116803700000E+01   0.1352403139838E-17
  0.7125868900000E+01   0.1348968002572E-17
  0.7134945700000E+01   0.1345541559874E-17
  0.7144034000000E+01   0.1342123833014E-17
  0.7153133900000E+01   0.1338714767882E-17
  0.7162245400000E+01   0.1335314387076E-17
  0.7171368500000E+01   0.1331922655619E-17
  0.7180503200000E+01   0.1328539536105E-17
  0.7189649500000E+01   0.1325165012165E-17
  0.7198807500000E+01   0.1321799044707E-17
  0.7207977200000E+01   0.1318441615815E-17
  0.7217158600000E+01   0.1315105738013E-17
  0.7226351600000E+01   0.1311752322271E-17
  0.7235556400000E+01   0.1308422423288E-17
  0.7244772800000E+01   0.1305096979776E-17
  0.7254001100000E+01   0.1301781937777E-17
  0.7263241000000E+01   0.1298478881752E-17
  0.7272492800000E+01   0.1295177139209E-17
  0.7281756300000E+01   0.1291887331957E-17
  0.7291031600000E+01   0.1288605870372E-17
  0.7300318800000E+01   0.1285332703487E-17
  0.7309617800000E+01   0.1282067850933E-17
  0.7318928600000E+01   0.1278811296875E-17
  0.7328251300000E+01   0.1275564554401E-17
  0.7337585800000E+01   0.1272323008058E-17
  0.7346932200000E+01   0.1269091224472E-17
  0.7356290600000E+01   0.1265867607087E-17
  0.7365660900000E+01   0.1262652175010E-17
  0.7375043100000E+01   0.1259444912681E-17
  0.7384437200000E+01   0.1256245804522E-17
  0.7393843300000E+01   0.1253054814752E-17
  0.7403261400000E+01   0.1249881505156E-17
  0.7412691500000E+01   0.1246697133797E-17
  0.7422133700000E+01   0.1243530354575E-17
  0.7431587800000E+01   0.1240371665895E-17
  0.7441054000000E+01   0.1237220974368E-17
  0.7450532200000E+01   0.1234078295422E-17
  0.7460022500000E+01   0.1230946363944E-17
  0.7469524900000E+01   0.1227816838699E-17
  0.7479039400000E+01   0.1224698042157E-17
  0.7488566000000E+01   0.1221587167539E-17
  0.7498104800000E+01   0.1218484164687E-17
  0.7507655700000E+01   0.1215391480406E-17
  0.7517218800000E+01   0.1212301808381E-17
  0.7526794000000E+01   0.1209225154007E-17
  0.7536381500000E+01   0.1206154171337E-17
  0.7545981200000E+01   0.1203089699458E-17
  0.7555593000000E+01   0.1200030995924E-17
  0.7565217200000E+01   0.1196982724548E-17
  0.7574853600000E+01   0.1193942225596E-17
  0.7584502200000E+01   0.1190909463944E-17
  0.7594163200000E+01   0.1187884362219E-17
  0.7603836500000E+01   0.1184866937384E-17
  0.7613522100000E+01   0.1181857174889E-17
  0.7623220000000E+01   0.1178860876121E-17
  0.7632930300000E+01   0.1175860547842E-17
  0.7642652900000E+01   0.1172873654330E-17
  0.7652387900000E+01   0.1169894345791E-17
  0.7662135400000E+01   0.1166922613880E-17
  0.7671895200000E+01   0.1163962276994E-17
  0.7681667500000E+01   0.1161001799350E-17
  0.7691452200000E+01   0.1158052657748E-17
  0.7701249400000E+01   0.1155121377903E-17
  0.7711059100000E+01   0.1152177978564E-17
  0.7720881200000E+01   0.1149250035331E-17
  0.7730715900000E+01   0.1146330695181E-17
  0.7740563100000E+01   0.1143418770224E-17
  0.7750422800000E+01   0.1140514246341E-17
  0.7760295200000E+01   0.1137617050815E-17
  0.7770180000000E+01   0.1134727294374E-17
  0.7780077500000E+01   0.1131844868593E-17
  0.7789987600000E+01   0.1128969758059E-17
  0.7799910300000E+01   0.1126101948907E-17
  0.7809845600000E+01   0.1123241427249E-17
  0.7819793600000E+01   0.1120390511067E-17
  0.7829754300000E+01   0.1117542105231E-17
  0.7839727600000E+01   0.1114703306072E-17
  0.7849713700000E+01   0.1111871682516E-17
  0.7859712500000E+01   0.1109066054699E-17
  0.7869724000000E+01   0.1106229993138E-17
  0.7879748300000E+01   0.1103419871975E-17
  0.7889785300000E+01   0.1100616915157E-17
  0.7899835100000E+01   0.1097821111593E-17
  0.7909897700000E+01   0.1095032401937E-17
  0.7919973200000E+01   0.1092250745200E-17
  0.7930061500000E+01   0.1089476155696E-17
  0.7940162600000E+01   0.1086708619955E-17
  0.7950276600000E+01   0.1083952869830E-17
  0.7960403400000E+01   0.1081194601516E-17
  0.7970543200000E+01   0.1078448065171E-17
  0.7980695900000E+01   0.1075708502223E-17
  0.7990861500000E+01   0.1072975899422E-17
  0.8001040100000E+01   0.1070251365462E-17
  0.8011231600000E+01   0.1067531517194E-17
  0.8021436100000E+01   0.1064819713765E-17
  0.8031653700000E+01   0.1062116068647E-17
  0.8041884200000E+01   0.1059416708414E-17
  0.8052127800000E+01   0.1056725480626E-17
  0.8062384400000E+01   0.1054041094198E-17
  0.8072654000000E+01   0.1051363536051E-17
  0.8082936800000E+01   0.1048692741244E-17
  0.8093232600000E+01   0.1046038661552E-17
  0.8103541600000E+01   0.1043371532120E-17
  0.8113863700000E+01   0.1040721062261E-17
  0.8124199000000E+01   0.1038077304530E-17
  0.8134547400000E+01   0.1035440271773E-17
  0.8144909000000E+01   0.1032809925756E-17
  0.8155283800000E+01   0.1030186268209E-17
  0.8165671800000E+01   0.1027569275148E-17
  0.8176073000000E+01   0.1024958935688E-17
  0.8186487500000E+01   0.1022355209011E-17
  0.8196915200000E+01   0.1019758122230E-17
  0.8207356300000E+01   0.1017169537917E-17
  0.8217810600000E+01   0.1014583700191E-17
  0.8228278300000E+01   0.1012006324101E-17
  0.8238759200000E+01   0.1009435520783E-17
  0.8249253600000E+01   0.1006871204311E-17
  0.8259761300000E+01   0.1004313411337E-17
  0.8270282400000E+01   0.1001762105144E-17
  0.8280816900000E+01   0.9992172734783E-18
  0.8291364800000E+01   0.9966789040699E-18
  0.8301926100000E+01   0.9941470183543E-18
  0.8312500900000E+01   0.9916215933669E-18
  0.8323089200000E+01   0.9891025691017E-18
  0.8333690900000E+01   0.9865899571634E-18
  0.8344306200000E+01   0.9840836980850E-18
  0.8354935000000E+01   0.9815838035280E-18
  0.8365577300000E+01   0.9790902613922E-18
  0.8376233200000E+01   0.9766089779919E-18
  0.8386902600000E+01   0.9741221394872E-18
  0.8397585600000E+01   0.9716493083618E-18
  0.8408282300000E+01   0.9691791902501E-18
  0.8418992600000E+01   0.9667198633068E-18
  0.8429716500000E+01   0.9642612955654E-18
  0.8440454000000E+01   0.9618117225436E-18
  0.8451205300000E+01   0.9593683377570E-18
  0.8461970200000E+01   0.9569311749398E-18
  0.8472748900000E+01   0.9545001770762E-18
  0.8483541300000E+01   0.9520753550973E-18
  0.8494347400000E+01   0.9496566972359E-18
  0.8505167300000E+01   0.9472441694546E-18
  0.8516001000000E+01   0.9448377602098E-18
  0.8526848500000E+01   0.9424374579417E-18
  0.8537709800000E+01   0.9400432510750E-18
  0.8548584900000E+01   0.9376551280182E-18
  0.8559473900000E+01   0.9352730553308E-18
  0.8570376700000E+01   0.9328970888534E-18
  0.8581293500000E+01   0.9305271583353E-18
  0.8592224100000E+01   0.9281655316883E-18
  0.8603168700000E+01   0.9258053530766E-18
  0.8614127200000E+01   0.9234534339215E-18
  0.8625099700000E+01   0.9211074743872E-18
  0.8636086100000E+01   0.9187674845237E-18
  0.8647086600000E+01   0.9164344149620E-18
  0.8658101000000E+01   0.9141052835401E-18
  0.8669129500000E+01   0.9117830500870E-18
  0.8680172000000E+01   0.9094667200569E-18
  0.8691228600000E+01   0.9071562613084E-18
  0.8702299300000E+01   0.9048516846897E-18
  0.8713384100000E+01   0.9025529818987E-18
  0.8724483000000E+01   0.9002724078719E-18
  0.8735596000000E+01   0.8979730775641E-18
  0.8746723200000E+01   0.8956918333456E-18
  0.8757864600000E+01   0.8934163730079E-18
  0.8769020200000E+01   0.8911466856408E-18
  0.8780189900000E+01   0.8888827805491E-18
  0.8791373900000E+01   0.8866246062570E-18
  0.8802572200000E+01   0.8843721520411E-18
  0.8813784700000E+01   0.8821254271616E-18
  0.8825011500000E+01   0.8798844196669E-18
  0.8836252600000E+01   0.8776491235761E-18
  0.8847508000000E+01   0.8754195038101E-18
  0.8858777700000E+01   0.8731983488993E-18
  0.8870061800000E+01   0.8709772304512E-18
  0.8881360300000E+01   0.8687651421065E-18
  0.8892673100000E+01   0.8665574745939E-18
  0.8904000400000E+01   0.8643559970808E-18
  0.8915342100000E+01   0.8621607620243E-18
  0.8926698300000E+01   0.8599708664995E-18
  0.8938068900000E+01   0.8577867293212E-18
  0.8949454000000E+01   0.8556076633172E-18
  0.8960853600000E+01   0.8534321956779E-18
  0.8972267700000E+01   0.8512640656527E-18
  0.8983696400000E+01   0.8491014291795E-18
  0.8995139600000E+01   0.8469442966880E-18
  0.9006597400000E+01   0.8447926343149E-18
  0.9018069800000E+01   0.8426464477601E-18
  0.9029556800000E+01   0.8405057141799E-18
  0.9041058400000E+01   0.8383710800549E-18
  0.9052574700000E+01   0.8362405347269E-18
  0.9064105700000E+01   0.8341160498615E-18
  0.9075651300000E+01   0.8319969729835E-18
  0.9087211700000E+01   0.8298832571890E-18
  0.9098786700000E+01   0.8277749397809E-18
  0.9110376500000E+01   0.8256719667644E-18
  0.9121981100000E+01   0.8235755187185E-18
  0.9133600500000E+01   0.8214820821289E-18
  0.9145234700000E+01   0.8193951389549E-18
  0.9156883600000E+01   0.8173135131307E-18
  0.9168547500000E+01   0.8152371410773E-18
  0.9180226100000E+01   0.8131660662162E-18
  0.9191919700000E+01   0.8111002253479E-18
  0.9203628100000E+01   0.8090396438953E-18
  0.9215351500000E+01   0.8069842767359E-18
  0.9227089800000E+01   0.8049341315645E-18
  0.9238843000000E+01   0.8028891984302E-18
  0.9250611300000E+01   0.8008494327695E-18
  0.9262394500000E+01   0.7988148594687E-18
  0.9274192700000E+01   0.7967854513695E-18
  0.9286005900000E+01   0.7947611986658E-18
  0.9297834200000E+01   0.7927440467721E-18
  0.9309677600000E+01   0.7907280692371E-18
  0.9321536000000E+01   0.7887191901323E-18
  0.9333409600000E+01   0.7867153936405E-18
  0.9345298300000E+01   0.7847166870565E-18
  0.9357202100000E+01   0.7827230606902E-18
  0.9369121100000E+01   0.7807344881855E-18
  0.9381055200000E+01   0.7787509766061E-18
  0.9393004600000E+01   0.7767724831721E-18
  0.9404969200000E+01   0.7747990149839E-18
  0.9416949000000E+01   0.7728305624769E-18
  0.9428944100000E+01   0.7708670997357E-18
  0.9440954500000E+01   0.7689086173592E-18
  0.9452980100000E+01   0.7669551221443E-18
  0.9465021100000E+01   0.7650065721729E-18
  0.9477077400000E+01   0.7630629742807E-18
  0.9489149100000E+01   0.7611243029843E-18
  0.9501236200000E+01   0.7591905490014E-18
  0.9513338600000E+01   0.7572617189437E-18
  0.9525456500000E+01   0.7553377716280E-18
  0.9537589800000E+01   0.7534187137016E-18
  0.9549738500000E+01   0.7515046490558E-18
  0.9561902700000E+01   0.7495955348144E-18
  0.9574082500000E+01   0.7476918567557E-18
  0.9586277700000E+01   0.7457925098300E-18
  0.9598488500000E+01   0.7438971833545E-18
  0.9610714800000E+01   0.7420073714067E-18
  0.9622956700000E+01   0.7401223506610E-18
  0.9635214200000E+01   0.7382431274598E-18
  0.9647487300000E+01   0.7363666466500E-18
  0.9659776100000E+01   0.7345058367381E-18
  0.9672080400000E+01   0.7326299838060E-18
  0.9684400500000E+01   0.7307687532941E-18
  0.9696736300000E+01   0.7289122448357E-18
  0.9709087700000E+01   0.7270610066961E-18
  0.9721454900000E+01   0.7252133732512E-18
  0.9733837900000E+01   0.7233709624129E-18
  0.9746236600000E+01   0.7215358463825E-18
  0.9758651200000E+01   0.7197001613947E-18
  0.9771081500000E+01   0.7178717534701E-18
  0.9783527700000E+01   0.7160479759181E-18
  0.9795989700000E+01   0.7142294220394E-18
  0.9808467600000E+01   0.7124143062332E-18
  0.9820961400000E+01   0.7106051526706E-18
  0.9833471100000E+01   0.7087990532872E-18
  0.9845996700000E+01   0.7069983112945E-18
  0.9858538300000E+01   0.7052025581528E-18
  0.9871095900000E+01   0.7034116973821E-18
  0.9883669500000E+01   0.7016234332173E-18
  0.9896259100000E+01   0.6998408944929E-18
  0.9908864700000E+01   0.6980628850569E-18
  0.9921486400000E+01   0.6962938150815E-18
  0.9934124100000E+01   0.6945203915571E-18
  0.9946778000000E+01   0.6927558764855E-18
  0.9959447900000E+01   0.6909958564147E-18
  0.9972134000000E+01   0.6892422235664E-18
  0.9984836300000E+01   0.6874891839911E-18
  0.9997554800000E+01   0.6857425148782E-18
  0.1001028900000E+02   0.6840003475789E-18
  0.1002304000000E+02   0.6822634293433E-18
  0.1003580700000E+02   0.6805291428827E-18
  0.1004859100000E+02   0.6788000626712E-18
  0.1006139000000E+02   0.6770755443942E-18
  0.1007420600000E+02   0.6753553098116E-18
  0.1008703900000E+02   0.6736393516876E-18
  0.1009988700000E+02   0.6719279286703E-18
  0.1011275200000E+02   0.6702207655578E-18
  0.1012563400000E+02   0.6685185164753E-18
  0.1013853100000E+02   0.6668194527832E-18
  0.1015144600000E+02   0.6651251555646E-18
  0.1016437600000E+02   0.6634357603754E-18
  0.1017732300000E+02   0.6617497625916E-18
  0.1019028700000E+02   0.6600683892725E-18
  0.1020326700000E+02   0.6583913505341E-18
  0.1021626400000E+02   0.6567185090533E-18
  0.1022927700000E+02   0.6550499854094E-18
  0.1024230700000E+02   0.6533856432406E-18
  0.1025535300000E+02   0.6517264147207E-18
  0.1026841600000E+02   0.6500697266622E-18
  0.1028149600000E+02   0.6484180093987E-18
  0.1029459200000E+02   0.6467705684321E-18
  0.1030770500000E+02   0.6451272697730E-18
  0.1032083500000E+02   0.6434881059363E-18
  0.1033398200000E+02   0.6418530694232E-18
  0.1034714500000E+02   0.6402232291413E-18
  0.1036032500000E+02   0.6385955946740E-18
  0.1037352100000E+02   0.6369738921949E-18
  0.1038673500000E+02   0.6353546573991E-18
  0.1039996500000E+02   0.6337403857903E-18
  0.1041321300000E+02   0.6321300730689E-18
  0.1042647700000E+02   0.6305239547579E-18
  0.1043975800000E+02   0.6289219014839E-18
  0.1045305600000E+02   0.6273242308323E-18
  0.1046637000000E+02   0.6257300791122E-18
  0.1047970200000E+02   0.6241401748407E-18
  0.1049305100000E+02   0.6225543051353E-18
  0.1050641700000E+02   0.6209724623516E-18
  0.1051980000000E+02   0.6193946388341E-18
  0.1053320000000E+02   0.6178208269177E-18
  0.1054661600000E+02   0.6162511357059E-18
  0.1056005100000E+02   0.6146852071790E-18
  0.1057350200000E+02   0.6131233839789E-18
  0.1058697000000E+02   0.6115655416245E-18
  0.1060045500000E+02   0.6100116724045E-18
  0.1061395800000E+02   0.6084616540273E-18
  0.1062747800000E+02   0.6069155942090E-18
  0.1064101500000E+02   0.6053734852089E-18
  0.1065456900000E+02   0.6038353192779E-18
  0.1066814100000E+02   0.6023009758229E-18
  0.1068172900000E+02   0.6007706731837E-18
  0.1069533600000E+02   0.5992440663634E-18
  0.1070895900000E+02   0.5977216134508E-18
  0.1072260000000E+02   0.5962036034878E-18
  0.1073625800000E+02   0.5946882820421E-18
  0.1074993400000E+02   0.5931785649255E-18
  0.1076362700000E+02   0.5916702837087E-18
  0.1077733700000E+02   0.5901677636260E-18
  0.1079106500000E+02   0.5886676701594E-18
  0.1080481000000E+02   0.5871721003704E-18
  0.1081857300000E+02   0.5856802732445E-18
  0.1083235400000E+02   0.5841921821933E-18
  0.1084615200000E+02   0.5827079279793E-18
  0.1085996700000E+02   0.5812275027595E-18
  0.1087380100000E+02   0.5797506855876E-18
  0.1088765100000E+02   0.5782777894767E-18
  0.1090152000000E+02   0.5768084881306E-18
  0.1091540600000E+02   0.5753429867748E-18
  0.1092931000000E+02   0.5738826970518E-18
  0.1094323100000E+02   0.5724244832985E-18
  0.1095717000000E+02   0.5709687873069E-18
  0.1097112700000E+02   0.5695180974680E-18
  0.1098510200000E+02   0.5680714597445E-18
  0.1099909500000E+02   0.5666276898340E-18
  0.1101310500000E+02   0.5651880611391E-18
  0.1102713300000E+02   0.5637520710439E-18
  0.1104117900000E+02   0.5623197127948E-18
  0.1105524300000E+02   0.5608909796271E-18
  0.1106932500000E+02   0.5594661331087E-18
  0.1108342500000E+02   0.5580443614273E-18
  0.1109754300000E+02   0.5566264628153E-18
  0.1111167900000E+02   0.5552121621256E-18
  0.1112583200000E+02   0.5538015520232E-18
  0.1114000400000E+02   0.5523944263485E-18
  0.1115419400000E+02   0.5509908781285E-18
  0.1116840200000E+02   0.5495909005224E-18
  0.1118262800000E+02   0.5481944866807E-18
  0.1119687200000E+02   0.5468016297457E-18
  0.1121113500000E+02   0.5454122256240E-18
  0.1122541500000E+02   0.5440264622673E-18
  0.1123971400000E+02   0.5426441387066E-18
  0.1125403100000E+02   0.5412658922246E-18
  0.1126836600000E+02   0.5398900750768E-18
  0.1128271900000E+02   0.5385183212002E-18
  0.1129709100000E+02   0.5371499817058E-18
  0.1131148100000E+02   0.5357851454237E-18
  0.1132588900000E+02   0.5344259138612E-18
  0.1134031600000E+02   0.5330658608209E-18
  0.1135476100000E+02   0.5317113993352E-18
  0.1136922400000E+02   0.5303604140132E-18
  0.1138370600000E+02   0.5290132982590E-18
  0.1139820600000E+02   0.5276686589747E-18
  0.1141272500000E+02   0.5263278767347E-18
  0.1142726200000E+02   0.5249905441943E-18
  0.1144181800000E+02   0.5236572568024E-18
  0.1145639200000E+02   0.5223266159557E-18
  0.1147098500000E+02   0.5209988117828E-18
  0.1148559700000E+02   0.5196749382255E-18
  0.1150022700000E+02   0.5183549529244E-18
  0.1151487600000E+02   0.5170373447015E-18
  0.1152954300000E+02   0.5157249735463E-18
  0.1154422900000E+02   0.5144131853868E-18
  0.1155893400000E+02   0.5131060607174E-18
  0.1157365700000E+02   0.5118024048006E-18
  0.1158840000000E+02   0.5105020043393E-18
  0.1160316100000E+02   0.5092056208074E-18
  0.1161794000000E+02   0.5079113039577E-18
  0.1163273900000E+02   0.5066208158891E-18
  0.1164755700000E+02   0.5053335905145E-18
  0.1166239300000E+02   0.5040497081446E-18
  0.1167724800000E+02   0.5027690756765E-18
  0.1169212200000E+02   0.5014916870330E-18
  0.1170701600000E+02   0.5002179172041E-18
  0.1172192800000E+02   0.4989489293784E-18
  0.1173685900000E+02   0.4976788383981E-18
  0.1175180900000E+02   0.4964143644222E-18
  0.1176677800000E+02   0.4951531037502E-18
  0.1178176600000E+02   0.4938957463798E-18
  0.1179677400000E+02   0.4926401143359E-18
  0.1181180000000E+02   0.4913886941313E-18
  0.1182684600000E+02   0.4901399057591E-18
  0.1184191000000E+02   0.4888946201501E-18
  0.1185699400000E+02   0.4876524287611E-18
  0.1187209800000E+02   0.4864133263579E-18
  0.1188722000000E+02   0.4851774708322E-18
  0.1190236200000E+02   0.4839446925402E-18
  0.1191752300000E+02   0.4827150671642E-18
  0.1193270300000E+02   0.4814885884987E-18
  0.1194790200000E+02   0.4802652503319E-18
  0.1196312100000E+02   0.4790449664181E-18
  0.1197836000000E+02   0.4778277314484E-18
  0.1199361700000E+02   0.4766136989432E-18
  0.1200889500000E+02   0.4754026244009E-18
  0.1202419100000E+02   0.4741947398378E-18
  0.1203950700000E+02   0.4729898810670E-18
  0.1205484300000E+02   0.4717880427307E-18
  0.1207019800000E+02   0.4705892973803E-18
  0.1208557300000E+02   0.4693940615397E-18
  0.1210096700000E+02   0.4682009058981E-18
  0.1211638100000E+02   0.4670112483925E-18
  0.1213181500000E+02   0.4658248340574E-18
  0.1214726800000E+02   0.4646409813558E-18
  0.1216274100000E+02   0.4634603604021E-18
  0.1217823300000E+02   0.4622844855353E-18
  0.1219374600000E+02   0.4611081150117E-18
  0.1220927800000E+02   0.4599364791075E-18
  0.1222483000000E+02   0.4587678017395E-18
  0.1224040200000E+02   0.4576020774418E-18
  0.1225599300000E+02   0.4564393751736E-18
  0.1227160400000E+02   0.4552796144517E-18
  0.1228723600000E+02   0.4541227159205E-18
  0.1230288700000E+02   0.4529688220994E-18
  0.1231855800000E+02   0.4518178533341E-18
  0.1233424900000E+02   0.4506698041122E-18
  0.1234996000000E+02   0.4495246689135E-18
  0.1236569100000E+02   0.4483824422101E-18
  0.1238144200000E+02   0.4472431184671E-18
  0.1239721400000E+02   0.4461066202217E-18
  0.1241300500000E+02   0.4449730860397E-18
  0.1242881600000E+02   0.4438424381694E-18
  0.1244464800000E+02   0.4427145999465E-18
  0.1246049900000E+02   0.4415900844271E-18
  0.1247637100000E+02   0.4404676156498E-18
  0.1249226300000E+02   0.4393487771583E-18
  0.1250817600000E+02   0.4382319484599E-18
  0.1252410800000E+02   0.4371184330027E-18
  0.1254006100000E+02   0.4360076958236E-18
  0.1255603500000E+02   0.4348997321094E-18
  0.1257202800000E+02   0.4337946749650E-18
  0.1258804200000E+02   0.4326923805751E-18
  0.1260407600000E+02   0.4315929125398E-18
  0.1262013100000E+02   0.4304961970462E-18
  0.1263620600000E+02   0.4294022971562E-18
  0.1265230200000E+02   0.4283111395633E-18
  0.1266841800000E+02   0.4272227867953E-18
  0.1268455500000E+02   0.4261371660491E-18
  0.1270071200000E+02   0.4250543393230E-18
  0.1271689000000E+02   0.4239742343142E-18
  0.1273308900000E+02   0.4228977028892E-18
  0.1274930800000E+02   0.4218222359331E-18
  0.1276554800000E+02   0.4207503322121E-18
  0.1278180800000E+02   0.4196818562352E-18
  0.1279808900000E+02   0.4186149044364E-18
  0.1281439100000E+02   0.4175527483186E-18
  0.1283071400000E+02   0.4164902955259E-18
  0.1284705700000E+02   0.4154320782031E-18
  0.1286342200000E+02   0.4143764710695E-18
  0.1287980700000E+02   0.4133235981692E-18
  0.1289621300000E+02   0.4122736977647E-18
  0.1291264000000E+02   0.4112258412958E-18
  0.1292908700000E+02   0.4101810107644E-18
  0.1294555600000E+02   0.4091387662630E-18
  0.1296204600000E+02   0.4080991664395E-18
  0.1297855700000E+02   0.4070625696702E-18
  0.1299508800000E+02   0.4060279432356E-18
  0.1301164100000E+02   0.4049962471366E-18
  0.1302821500000E+02   0.4039671756468E-18
  0.1304481000000E+02   0.4029407237327E-18
  0.1306142600000E+02   0.4019168863545E-18
  0.1307806400000E+02   0.4008955972006E-18
  0.1309472200000E+02   0.3998769739849E-18
  0.1311140200000E+02   0.3988608893499E-18
  0.1312810300000E+02   0.3978473994962E-18
  0.1314482500000E+02   0.3968364993534E-18
  0.1316156900000E+02   0.3958281237374E-18
  0.1317833400000E+02   0.3948223281336E-18
  0.1319512000000E+02   0.3938191074540E-18
  0.1321192800000E+02   0.3928183971813E-18
  0.1322875700000E+02   0.3918202520948E-18
  0.1324560700000E+02   0.3908246670904E-18
  0.1326247900000E+02   0.3898315783115E-18
  0.1327937200000E+02   0.3888411649867E-18
  0.1329628700000E+02   0.3878529882574E-18
  0.1331322400000E+02   0.3868674191047E-18
  0.1333018200000E+02   0.3858843857752E-18
  0.1334716200000E+02   0.3849044335060E-18
  0.1336416300000E+02   0.3839261737874E-18
  0.1338118600000E+02   0.3829502205584E-18
  0.1339823000000E+02   0.3819771660446E-18
  0.1341529700000E+02   0.3810065089809E-18
  0.1343238500000E+02   0.3800383586064E-18
  0.1344949500000E+02   0.3790726534247E-18
  0.1346662600000E+02   0.3781094450328E-18
  0.1348378000000E+02   0.3771486164501E-18
  0.1350095500000E+02   0.3761902751659E-18
  0.1351815200000E+02   0.3752343605207E-18
  0.1353537100000E+02   0.3742808679670E-18
  0.1355261300000E+02   0.3733298751121E-18
  0.1356987600000E+02   0.3723810760622E-18
  0.1358716100000E+02   0.3714348226413E-18
  0.1360446800000E+02   0.3704909730563E-18
  0.1362179700000E+02   0.3695495227283E-18
  0.1363914800000E+02   0.3686104670721E-18
  0.1365652100000E+02   0.3676738014973E-18
  0.1367391600000E+02   0.3667395214075E-18
  0.1369133400000E+02   0.3658075709506E-18
  0.1370877300000E+02   0.3648782463152E-18
  0.1372623500000E+02   0.3639510199132E-18
  0.1374372000000E+02   0.3630262168184E-18
  0.1376122600000E+02   0.3621040435192E-18
  0.1377875500000E+02   0.3611837449893E-18
  0.1379630600000E+02   0.3602660144237E-18
  0.1381387900000E+02   0.3593506321845E-18
  0.1383147500000E+02   0.3584375418464E-18
  0.1384909300000E+02   0.3575267909596E-18
  0.1386673400000E+02   0.3566184529972E-18
  0.1388439700000E+02   0.3557121865552E-18
  0.1390208200000E+02   0.3548083755276E-18
  0.1391979100000E+02   0.3539067841124E-18
  0.1393752100000E+02   0.3530075606726E-18
  0.1395527500000E+02   0.3521105486766E-18
  0.1397305100000E+02   0.3512158450790E-18
  0.1399084900000E+02   0.3503235624053E-18
  0.1400867000000E+02   0.3494332945128E-18
  0.1402651400000E+02   0.3485453888954E-18
  0.1404438100000E+02   0.3476597242297E-18
  0.1406227000000E+02   0.3467763456746E-18
  0.1408018200000E+02   0.3458951994332E-18
  0.1409811700000E+02   0.3450162813660E-18
  0.1411607500000E+02   0.3441395873274E-18
  0.1413405600000E+02   0.3432651131650E-18
  0.1415206000000E+02   0.3423928547205E-18
  0.1417008600000E+02   0.3415233135512E-18
  0.1418813600000E+02   0.3406550163088E-18
  0.1420620800000E+02   0.3397895230116E-18
  0.1422430400000E+02   0.3389261911937E-18
  0.1424242200000E+02   0.3380647946269E-18
  0.1426056400000E+02   0.3372057422886E-18
  0.1427872900000E+02   0.3363488763982E-18
  0.1429691700000E+02   0.3354941927525E-18
  0.1431512800000E+02   0.3346416871430E-18
  0.1433336200000E+02   0.3337913553567E-18
  0.1435161900000E+02   0.3329431931757E-18
  0.1436990000000E+02   0.3320971501858E-18
  0.1438820400000E+02   0.3312532687036E-18
  0.1440653200000E+02   0.3304114986551E-18
  0.1442488200000E+02   0.3295719276587E-18
  0.1444325600000E+02   0.3287346993599E-18
  0.1446165400000E+02   0.3278990918482E-18
  0.1448007500000E+02   0.3270660707353E-18
  0.1449851900000E+02   0.3262347743266E-18
  0.1451698700000E+02   0.3254057716012E-18
  0.1453547800000E+02   0.3245788974255E-18
  0.1455399300000E+02   0.3237541030678E-18
  0.1457253200000E+02   0.3229316927729E-18
  0.1459109400000E+02   0.3221107828662E-18
  0.1460968000000E+02   0.3212922491370E-18
  0.1462828900000E+02   0.3204758235822E-18
  0.1464692200000E+02   0.3196618053124E-18
  0.1466557900000E+02   0.3188491494662E-18
  0.1468426000000E+02   0.3180390900607E-18
  0.1470296400000E+02   0.3172307291444E-18
  0.1472169300000E+02   0.3164245667382E-18
  0.1474044500000E+02   0.3156204883629E-18
  0.1475922100000E+02   0.3148185682108E-18
  0.1477802100000E+02   0.3140188441324E-18
  0.1479684500000E+02   0.3132204604224E-18
  0.1481569300000E+02   0.3124245073945E-18
  0.1483456500000E+02   0.3116305761082E-18
  0.1485346000000E+02   0.3108387045441E-18
  0.1487238000000E+02   0.3100488050312E-18
  0.1489132400000E+02   0.3092609157002E-18
  0.1491029300000E+02   0.3084749913352E-18
  0.1492928500000E+02   0.3076911926928E-18
  0.1494830200000E+02   0.3069095538936E-18
  0.1496734200000E+02   0.3061298250956E-18
  0.1498640700000E+02   0.3053515465000E-18
  0.1500549700000E+02   0.3045754494002E-18
  0.1502461000000E+02   0.3038015503865E-18
  0.1504374800000E+02   0.3030295897921E-18
  0.1506291100000E+02   0.3022595641877E-18
  0.1508209800000E+02   0.3014915100907E-18
  0.1510130900000E+02   0.3007254236011E-18
  0.1512054500000E+02   0.2999612611656E-18
  0.1513980500000E+02   0.2991990588294E-18
  0.1515908900000E+02   0.2984388126807E-18
  0.1517839900000E+02   0.2976804404072E-18
  0.1519773300000E+02   0.2969240170856E-18
  0.1521709100000E+02   0.2961696138514E-18
  0.1523647400000E+02   0.2954169628454E-18
  0.1525588200000E+02   0.2946662857601E-18
  0.1527531500000E+02   0.2939175040430E-18
  0.1529477200000E+02   0.2931706525067E-18
  0.1531425400000E+02   0.2924256890435E-18
  0.1533376100000E+02   0.2916826101450E-18
  0.1535329300000E+02   0.2909414122975E-18
  0.1537285000000E+02   0.2902020919818E-18
  0.1539243100000E+02   0.2894646832612E-18
  0.1541203800000E+02   0.2887312053929E-18
  0.1543166900000E+02   0.2879963042230E-18
  0.1545132600000E+02   0.2872635897949E-18
  0.1547100700000E+02   0.2865336409090E-18
  0.1549071400000E+02   0.2858055111769E-18
  0.1551044500000E+02   0.2850792709423E-18
  0.1553020200000E+02   0.2843548430341E-18
  0.1554998400000E+02   0.2836322607681E-18
  0.1556979100000E+02   0.2829115205783E-18
  0.1558962400000E+02   0.2821925827144E-18
  0.1560948200000E+02   0.2814758056395E-18
  0.1562936500000E+02   0.2807602090320E-18
  0.1564927300000E+02   0.2800467660514E-18
  0.1566920700000E+02   0.2793351118980E-18
  0.1568916600000E+02   0.2786252788858E-18
  0.1570915000000E+02   0.2779172634198E-18
  0.1572916000000E+02   0.2772110266751E-18
  0.1574919500000E+02   0.2765066005455E-18
  0.1576925600000E+02   0.2758039464662E-18
  0.1578934300000E+02   0.2751032886426E-18
  0.1580945500000E+02   0.2744039763079E-18
  0.1582959300000E+02   0.2737066535285E-18
  0.1584975600000E+02   0.2730111240938E-18
  0.1586994500000E+02   0.2723173500813E-18
  0.1589016000000E+02   0.2716253282563E-18
  0.1591040000000E+02   0.2709350894167E-18
  0.1593066700000E+02   0.2702465621124E-18
  0.1595095900000E+02   0.2695598110400E-18
  0.1597127700000E+02   0.2688748022740E-18
  0.1599162100000E+02   0.2681915851591E-18
  0.1601199000000E+02   0.2675101331520E-18
  0.1603238600000E+02   0.2668303760826E-18
  0.1605280800000E+02   0.2661524267658E-18
  0.1607325500000E+02   0.2654760672635E-18
  0.1609372900000E+02   0.2648014758340E-18
  0.1611422900000E+02   0.2641285997774E-18
  0.1613475500000E+02   0.2634574358117E-18
  0.1615530700000E+02   0.2627879806509E-18
  0.1617588500000E+02   0.2621202310050E-18
  0.1619649000000E+02   0.2614541513159E-18
  0.1621712000000E+02   0.2607905375377E-18
  0.1623777700000E+02   0.2601271996856E-18
  0.1625846100000E+02   0.2594662214019E-18
  0.1627917000000E+02   0.2588067912083E-18
  0.1629990600000E+02   0.2581493363366E-18
  0.1632066900000E+02   0.2574931454191E-18
  0.1634145800000E+02   0.2568388279708E-18
  0.1636227300000E+02   0.2561861869796E-18
  0.1638311500000E+02   0.2555351879419E-18
  0.1640398300000E+02   0.2548858589396E-18
  0.1642487800000E+02   0.2542381656992E-18
  0.1644580000000E+02   0.2535921052365E-18
  0.1646674800000E+02   0.2529479218177E-18
  0.1648772300000E+02   0.2523049318539E-18
  0.1650872500000E+02   0.2516637820040E-18
  0.1652975300000E+02   0.2510242830663E-18
  0.1655080800000E+02   0.2503864014476E-18
  0.1657189000000E+02   0.2497502361839E-18
  0.1659299900000E+02   0.2491155595452E-18
  0.1661413500000E+02   0.2484824303695E-18
  0.1663529800000E+02   0.2478509878678E-18
  0.1665648700000E+02   0.2472211772502E-18
  0.1667770400000E+02   0.2465931852372E-18
  0.1669894800000E+02   0.2459662909697E-18
  0.1672021800000E+02   0.2453412683373E-18
  0.1674151600000E+02   0.2447178063241E-18
  0.1676284100000E+02   0.2440959313221E-18
  0.1678419300000E+02   0.2434756921125E-18
  0.1680557300000E+02   0.2428569012524E-18
  0.1682697900000E+02   0.2422398337653E-18
  0.1684841300000E+02   0.2416241829872E-18
  0.1686987400000E+02   0.2410102285216E-18
  0.1689136300000E+02   0.2403976951075E-18
  0.1691287800000E+02   0.2397869238319E-18
  0.1693442200000E+02   0.2391774425661E-18
  0.1695599200000E+02   0.2385696575988E-18
  0.1697759000000E+02   0.2379634938693E-18
  0.1699921600000E+02   0.2373586711211E-18
  0.1702086900000E+02   0.2367554918754E-18
  0.1704255000000E+02   0.2361538328436E-18
  0.1706425800000E+02   0.2355537188372E-18
  0.1708599400000E+02   0.2349553107050E-18
  0.1710775800000E+02   0.2343580313487E-18
  0.1712955000000E+02   0.2337627594398E-18
  0.1715136900000E+02   0.2331685100610E-18
  0.1717321600000E+02   0.2325759163042E-18
  0.1719509100000E+02   0.2319848211267E-18
  0.1721699300000E+02   0.2313953028837E-18
  0.1723892400000E+02   0.2308072522932E-18
  0.1726088200000E+02   0.2302207201657E-18
  0.1728286900000E+02   0.2296356502568E-18
  0.1730488300000E+02   0.2290521815351E-18
  0.1732692600000E+02   0.2284699924338E-18
  0.1734899700000E+02   0.2278893724004E-18
  0.1737109500000E+02   0.2273102581667E-18
  0.1739322200000E+02   0.2267326363104E-18
  0.1741537700000E+02   0.2261564858906E-18
  0.1743756100000E+02   0.2255817782097E-18
  0.1745977200000E+02   0.2250085622365E-18
  0.1748201200000E+02   0.2244372296877E-18
  0.1750428000000E+02   0.2238664650299E-18
  0.1752657700000E+02   0.2232975784829E-18
  0.1754890200000E+02   0.2227301466693E-18
  0.1757125500000E+02   0.2221642176475E-18
  0.1759363700000E+02   0.2215996106209E-18
  0.1761604700000E+02   0.2210365008479E-18
  0.1763848600000E+02   0.2204748095554E-18
  0.1766095400000E+02   0.2199145341565E-18
  0.1768345000000E+02   0.2193556968541E-18
  0.1770597500000E+02   0.2187982700691E-18
  0.1772852800000E+02   0.2182422758081E-18
  0.1775111000000E+02   0.2176876866745E-18
  0.1777372100000E+02   0.2171345000619E-18
  0.1779636100000E+02   0.2165829585400E-18
  0.1781902900000E+02   0.2160323481858E-18
  0.1784172700000E+02   0.2154833533637E-18
  0.1786445300000E+02   0.2149357746456E-18
  0.1788720900000E+02   0.2143895612160E-18
  0.1790999300000E+02   0.2138447978842E-18
  0.1793280600000E+02   0.2133024930485E-18
  0.1795564900000E+02   0.2127592785572E-18
  0.1797852000000E+02   0.2122186199265E-18
  0.1800142100000E+02   0.2116793138583E-18
  0.1802435000000E+02   0.2111415893033E-18
  0.1804730900000E+02   0.2106048431993E-18
  0.1807029800000E+02   0.2100696266543E-18
  0.1809331500000E+02   0.2095357990774E-18
  0.1811636200000E+02   0.2090033114237E-18
  0.1813943800000E+02   0.2084722927767E-18
  0.1816254400000E+02   0.2079426518165E-18
  0.1818567900000E+02   0.2074139551909E-18
  0.1820884300000E+02   0.2068868709901E-18
  0.1823203700000E+02   0.2063611141591E-18
  0.1825526100000E+02   0.2058366822803E-18
  0.1827851400000E+02   0.2053135953843E-18
  0.1830179700000E+02   0.2047918284214E-18
  0.1832510900000E+02   0.2042715532787E-18
  0.1834845100000E+02   0.2037522889684E-18
  0.1837182300000E+02   0.2032344891574E-18
  0.1839522500000E+02   0.2027180237900E-18
  0.1841865600000E+02   0.2022029562685E-18
  0.1844211700000E+02   0.2016891196418E-18
  0.1846560800000E+02   0.2011765682238E-18
  0.1848912900000E+02   0.2006653521927E-18
  0.1851268000000E+02   0.2001554333234E-18
  0.1853626100000E+02   0.1996468091606E-18
  0.1855987200000E+02   0.1991396386997E-18
  0.1858351400000E+02   0.1986334137514E-18
  0.1860718500000E+02   0.1981286590239E-18
  0.1863088600000E+02   0.1976251891484E-18
  0.1865461800000E+02   0.1971229805325E-18
  0.1867838000000E+02   0.1966220519842E-18
  0.1870217200000E+02   0.1961224401532E-18
  0.1872599400000E+02   0.1956240251763E-18
  0.1874984700000E+02   0.1951269011512E-18
  0.1877373000000E+02   0.1946310474244E-18
  0.1879764300000E+02   0.1941364615065E-18
  0.1882158700000E+02   0.1936431203409E-18
  0.1884556200000E+02   0.1931510216685E-18
  0.1886956700000E+02   0.1926601836341E-18
  0.1889360300000E+02   0.1921705834068E-18
  0.1891766900000E+02   0.1916822389691E-18
  0.1894176600000E+02   0.1911951802819E-18
  0.1896589300000E+02   0.1907093138999E-18
  0.1899005200000E+02   0.1902246152152E-18
  0.1901424100000E+02   0.1897412094026E-18
  0.1903846100000E+02   0.1892590274162E-18
  0.1906271100000E+02   0.1887780867602E-18
  0.1908699300000E+02   0.1882983454757E-18
  0.1911130500000E+02   0.1878198407803E-18
  0.1913564900000E+02   0.1873425310104E-18
  0.1916002300000E+02   0.1868664848225E-18
  0.1918442900000E+02   0.1863915656086E-18
  0.1920886600000E+02   0.1859178858657E-18
  0.1923333400000E+02   0.1854454115358E-18
  0.1925783300000E+02   0.1849741403036E-18
  0.1928236300000E+02   0.1845040698509E-18
  0.1930692400000E+02   0.1840351978570E-18
  0.1933151700000E+02   0.1835675030174E-18
  0.1935614100000E+02   0.1831010021320E-18
  0.1938079600000E+02   0.1826356928715E-18
  0.1940548300000E+02   0.1821716883537E-18
  0.1943020100000E+02   0.1817086025094E-18
  0.1945495100000E+02   0.1812468170225E-18
  0.1947973200000E+02   0.1807862141037E-18
  0.1950454500000E+02   0.1803267729300E-18
  0.1952938900000E+02   0.1798685097791E-18
  0.1955426600000E+02   0.1794113856232E-18
  0.1957917300000E+02   0.1789555110835E-18
  0.1960411300000E+02   0.1785006838660E-18
  0.1962908400000E+02   0.1780470272517E-18
  0.1965408700000E+02   0.1775945473451E-18
  0.1967912200000E+02   0.1771432139068E-18
  0.1970418900000E+02   0.1766930247821E-18
  0.1972928800000E+02   0.1762439778130E-18
  0.1975441800000E+02   0.1757962894271E-18
  0.1977958100000E+02   0.1753493576279E-18
  0.1980477600000E+02   0.1749037483356E-18
  0.1983000300000E+02   0.1744593671104E-18
  0.1985526200000E+02   0.1740159937729E-18
  0.1988055300000E+02   0.1735737359776E-18
  0.1990587600000E+02   0.1731326214817E-18
  0.1993123200000E+02   0.1726926391636E-18
  0.1995662000000E+02   0.1722538344040E-18
  0.1998204000000E+02   0.1718160397345E-18
  0.2000749300000E+02   0.1713794011344E-18
  0.2003297800000E+02   0.1709438785739E-18
  0.2005849500000E+02   0.1705094698632E-18
  0.2008404500000E+02   0.1700761558832E-18
  0.2010962800000E+02   0.1696439346331E-18
  0.2013524300000E+02   0.1692128209075E-18
  0.2016089100000E+02   0.1687827957723E-18
  0.2018657100000E+02   0.1683538738882E-18
  0.2021228400000E+02   0.1679260364441E-18
  0.2023803000000E+02   0.1674992814244E-18
  0.2026380900000E+02   0.1670737654947E-18
  0.2028962100000E+02   0.1666490105790E-18
  0.2031546500000E+02   0.1662255070623E-18
  0.2034134200000E+02   0.1658031055635E-18
  0.2036725300000E+02   0.1653817146174E-18
  0.2039319600000E+02   0.1649614379228E-18
  0.2041917200000E+02   0.1645422513524E-18
  0.2044518200000E+02   0.1641240703962E-18
  0.2047122400000E+02   0.1637070274657E-18
  0.2049730000000E+02   0.1632909587348E-18
  0.2052340900000E+02   0.1628759858150E-18
  0.2054955100000E+02   0.1624620707891E-18
  0.2057572700000E+02   0.1620491958644E-18
  0.2060193600000E+02   0.1616373748519E-18
  0.2062817800000E+02   0.1612266071170E-18
  0.2065445400000E+02   0.1608168812081E-18
  0.2068076300000E+02   0.1604082030468E-18
  0.2070710600000E+02   0.1600005551276E-18
  0.2073348200000E+02   0.1595939509510E-18
  0.2075989200000E+02   0.1591883731245E-18
  0.2078633500000E+02   0.1587838350259E-18
  0.2081281200000E+02   0.1583803193749E-18
  0.2083932300000E+02   0.1579778242744E-18
  0.2086586800000E+02   0.1575763478244E-18
  0.2089244600000E+02   0.1571759031601E-18
  0.2091905800000E+02   0.1567764732231E-18
  0.2094570500000E+02   0.1563780411819E-18
  0.2097238500000E+02   0.1559806350301E-18
  0.2099909900000E+02   0.1555842378738E-18
  0.2102584700000E+02   0.1551888477971E-18
  0.2105262900000E+02   0.1547944628818E-18
  0.2107944600000E+02   0.1544010665652E-18
  0.2110629600000E+02   0.1540086862635E-18
  0.2113318100000E+02   0.1536172908229E-18
  0.2116010000000E+02   0.1532268929570E-18
  0.2118705300000E+02   0.1528375522748E-18
  0.2121404100000E+02   0.1524491126496E-18
  0.2124106200000E+02   0.1520617189145E-18
  0.2126811900000E+02   0.1516752862136E-18
  0.2129521000000E+02   0.1512898413387E-18
  0.2132233500000E+02   0.1509053823512E-18
  0.2134949500000E+02   0.1505219281203E-18
  0.2137668900000E+02   0.1501393861965E-18
  0.2140391800000E+02   0.1497578453568E-18
  0.2143118200000E+02   0.1493772689122E-18
  0.2145848100000E+02   0.1489976981678E-18
  0.2148581400000E+02   0.1486190158740E-18
  0.2151318200000E+02   0.1482413355877E-18
  0.2154058500000E+02   0.1478646124172E-18
  0.2156802300000E+02   0.1474888445627E-18
  0.2159549600000E+02   0.1471140302220E-18
  0.2162300400000E+02   0.1467401675902E-18
  0.2165054700000E+02   0.1463672548601E-18
  0.2167812500000E+02   0.1459952902219E-18
  0.2170573800000E+02   0.1456242718638E-18
  0.2173338600000E+02   0.1452541979715E-18
  0.2176106900000E+02   0.1448850667285E-18
  0.2178878800000E+02   0.1445168630581E-18
  0.2181654200000E+02   0.1441495984988E-18
  0.2184433200000E+02   0.1437832580700E-18
  0.2187215600000E+02   0.1434178663111E-18
  0.2190001700000E+02   0.1430533820728E-18
  0.2192791200000E+02   0.1426898428470E-18
  0.2195584400000E+02   0.1423272077792E-18
  0.2198381000000E+02   0.1419655140583E-18
  0.2201181300000E+02   0.1416048173341E-18
  0.2203985100000E+02   0.1412448530489E-18
  0.2206792500000E+02   0.1408863457867E-18
  0.2209603400000E+02   0.1405278587037E-18
  0.2212418000000E+02   0.1401707162767E-18
  0.2215236100000E+02   0.1398145107268E-18
  0.2218057800000E+02   0.1394592182487E-18
  0.2220883100000E+02   0.1391047507467E-18
  0.2223712000000E+02   0.1387512310909E-18
  0.2226544600000E+02   0.1383985972562E-18
  0.2229380700000E+02   0.1380469124326E-18
  0.2232220400000E+02   0.1376960424218E-18
  0.2235063800000E+02   0.1373460932353E-18
  0.2237910700000E+02   0.1369970638578E-18
  0.2240761300000E+02   0.1366488797714E-18
  0.2243615500000E+02   0.1363015998135E-18
  0.2246473400000E+02   0.1359551940697E-18
  0.2249334900000E+02   0.1356096730033E-18
  0.2252200100000E+02   0.1352650228800E-18
  0.2255068900000E+02   0.1349212540663E-18
  0.2257941300000E+02   0.1345783648296E-18
  0.2260817400000E+02   0.1342363415662E-18
  0.2263697200000E+02   0.1338951826758E-18
  0.2266580700000E+02   0.1335548865555E-18
  0.2269467800000E+02   0.1332154883222E-18
  0.2272358600000E+02   0.1328768995795E-18
  0.2275253000000E+02   0.1325392053276E-18
  0.2278151200000E+02   0.1322023556317E-18
  0.2281053100000E+02   0.1318663605670E-18
  0.2283958600000E+02   0.1315312300289E-18
  0.2286867900000E+02   0.1311969410698E-18
  0.2289780800000E+02   0.1308635603558E-18
  0.2292697500000E+02   0.1305309857425E-18
  0.2295617900000E+02   0.1301992722890E-18
  0.2298542000000E+02   0.1298684451858E-18
  0.2301469800000E+02   0.1295384540613E-18
  0.2304401400000E+02   0.1292092056663E-18
  0.2307336700000E+02   0.1288808245727E-18
  0.2310275700000E+02   0.1285533061624E-18
  0.2313218500000E+02   0.1282266130861E-18
  0.2316165000000E+02   0.1279007548749E-18
  0.2319115300000E+02   0.1275757460104E-18
  0.2322069300000E+02   0.1272515145956E-18
  0.2325027100000E+02   0.1269281294184E-18
  0.2327988600000E+02   0.1266055727203E-18
  0.2330954000000E+02   0.1262838211995E-18
  0.2333923100000E+02   0.1259628950358E-18
  0.2336896000000E+02   0.1256428020577E-18
  0.2339872700000E+02   0.1253234800735E-18
  0.2342853200000E+02   0.1250049882225E-18
  0.2345837400000E+02   0.1246873153780E-18
  0.2348825500000E+02   0.1243704387182E-18
  0.2351817400000E+02   0.1240543673748E-18
  0.2354813100000E+02   0.1237390998123E-18
  0.2357812600000E+02   0.1234246344931E-18
  0.2360815900000E+02   0.1231109698777E-18
  0.2363823000000E+02   0.1227981044246E-18
  0.2366834000000E+02   0.1224860262459E-18
  0.2369848800000E+02   0.1221747442202E-18
  0.2372867500000E+02   0.1218642465342E-18
  0.2375890000000E+02   0.1215545419835E-18
  0.2378916400000E+02   0.1212456188291E-18
  0.2381946600000E+02   0.1209374857843E-18
  0.2384980600000E+02   0.1206301412947E-18
  0.2388018600000E+02   0.1203235636602E-18
  0.2391060400000E+02   0.1200177716212E-18
  0.2394106000000E+02   0.1197127636182E-18
  0.2397155600000E+02   0.1194085181752E-18
  0.2400209000000E+02   0.1191050537969E-18
  0.2403266400000E+02   0.1188026550201E-18
  0.2406327600000E+02   0.1185004225992E-18
  0.2409392700000E+02   0.1181992627544E-18
  0.2412461700000E+02   0.1178988681644E-18
  0.2415534700000E+02   0.1175992276385E-18
  0.2418611500000E+02   0.1173003592179E-18
  0.2421692300000E+02   0.1170022420130E-18
  0.2424777000000E+02   0.1167048842914E-18
  0.2427865600000E+02   0.1164082845873E-18
  0.2430958200000E+02   0.1161124318847E-18
  0.2434054700000E+02   0.1158173343352E-18
  0.2437155100000E+02   0.1155229904675E-18
  0.2440259500000E+02   0.1152293893692E-18
  0.2443367800000E+02   0.1149365619774E-18
  0.2446480100000E+02   0.1146444287479E-18
  0.2449596400000E+02   0.1143530570103E-18
  0.2452716600000E+02   0.1140624317885E-18
  0.2455840900000E+02   0.1137725330788E-18
  0.2458969100000E+02   0.1134833780625E-18
  0.2462101200000E+02   0.1131949652551E-18
  0.2465237400000E+02   0.1129072748594E-18
  0.2468377600000E+02   0.1126203815550E-18
  0.2471521700000E+02   0.1123340925356E-18
  0.2474669900000E+02   0.1120485887160E-18
  0.2477822100000E+02   0.1117638109930E-18
  0.2480978200000E+02   0.1114797669597E-18
  0.2484138500000E+02   0.1111964282763E-18
  0.2487302700000E+02   0.1109138204979E-18
  0.2490471000000E+02   0.1106319243664E-18
  0.2493643300000E+02   0.1103507474337E-18
  0.2496819600000E+02   0.1100702883015E-18
  0.2500000000000E+02   0.1097905367905E-18
  0.3766575500000E+02   0.4838397660298E-19
  0.5674836300000E+02   0.2132290532257E-19
  0.8549879700000E+02   0.9397890707849E-20
  0.1288150700000E+03   0.4140957698091E-20
  0.1940766700000E+03   0.1824128863090E-20
  0.2924017700000E+03   0.8036392382814E-21
  0.4405413400000E+03   0.3540493612403E-21
  0.6637328800000E+03   0.1559784066915E-21
  0.1000000000000E+04   0.6871696805568E-22
