           1
         200
  
  0.3000000000000E+00   0.3695365285366E-11
  0.3018205360510E+00   0.3651351199292E-11
  0.3036521199404E+00   0.3607858765280E-11
  0.3054948187115E+00   0.3564881847209E-11
  0.3073486998144E+00   0.3522414380298E-11
  0.3092138311085E+00   0.3480450370293E-11
  0.3110902808652E+00   0.3438983892661E-11
  0.3129781177700E+00   0.3398009091795E-11
  0.3148774109253E+00   0.3357520180223E-11
  0.3167882298528E+00   0.3317511437836E-11
  0.3187106444961E+00   0.3277977211110E-11
  0.3206447252233E+00   0.3238911912351E-11
  0.3225905428294E+00   0.3200310018937E-11
  0.3245481685392E+00   0.3162166072575E-11
  0.3265176740096E+00   0.3124474678566E-11
  0.3284991313324E+00   0.3087230505075E-11
  0.3304926130368E+00   0.3050428282411E-11
  0.3324981920922E+00   0.3014062802315E-11
  0.3345159419109E+00   0.2978128917257E-11
  0.3365459363505E+00   0.2942621539738E-11
  0.3385882497170E+00   0.2907535641602E-11
  0.3406429567672E+00   0.2872866253354E-11
  0.3427101327117E+00   0.2838608463491E-11
  0.3447898532172E+00   0.2804757417829E-11
  0.3468821944099E+00   0.2771308318853E-11
  0.3489872328778E+00   0.2738256425060E-11
  0.3511050456738E+00   0.2705597050315E-11
  0.3532357103183E+00   0.2673325563221E-11
  0.3553793048021E+00   0.2641437386483E-11
  0.3575359075894E+00   0.2609927996289E-11
  0.3597055976204E+00   0.2578792921693E-11
  0.3618884543145E+00   0.2548027744008E-11
  0.3640845575729E+00   0.2517628096205E-11
  0.3662939877818E+00   0.2487589662317E-11
  0.3685168258153E+00   0.2457908176849E-11
  0.3707531530380E+00   0.2428579424202E-11
  0.3730030513084E+00   0.2399599238092E-11
  0.3752666029819E+00   0.2370963500985E-11
  0.3775438909135E+00   0.2342668143535E-11
  0.3798349984610E+00   0.2314709144025E-11
  0.3821400094881E+00   0.2287082527823E-11
  0.3844590083675E+00   0.2259784366833E-11
  0.3867920799838E+00   0.2232810778962E-11
  0.3891393097366E+00   0.2206157927585E-11
  0.3915007835441E+00   0.2179822021026E-11
  0.3938765878456E+00   0.2153799312030E-11
  0.3962668096050E+00   0.2128086097259E-11
  0.3986715363141E+00   0.2102678716777E-11
  0.4010908559953E+00   0.2077573553553E-11
  0.4035248572056E+00   0.2052767032963E-11
  0.4059736290390E+00   0.2028255622298E-11
  0.4084372611305E+00   0.2004035830284E-11
  0.4109158436587E+00   0.1980104206595E-11
  0.4134094673498E+00   0.1956457341388E-11
  0.4159182234802E+00   0.1933091864825E-11
  0.4184422038807E+00   0.1910004446617E-11
  0.4209815009388E+00   0.1887191795562E-11
  0.4235362076030E+00   0.1864650659094E-11
  0.4261064173859E+00   0.1842377822835E-11
  0.4286922243673E+00   0.1820370110149E-11
  0.4312937231981E+00   0.1798624381711E-11
  0.4339110091037E+00   0.1777137535068E-11
  0.4365441778871E+00   0.1755906504215E-11
  0.4391933259327E+00   0.1734928259170E-11
  0.4418585502102E+00   0.1714199805556E-11
  0.4445399482772E+00   0.1693718184192E-11
  0.4472376182838E+00   0.1673480470678E-11
  0.4499516589753E+00   0.1653483774994E-11
  0.4526821696966E+00   0.1633725241102E-11
  0.4554292503952E+00   0.1614202046549E-11
  0.4581930016253E+00   0.1594911402077E-11
  0.4609735245513E+00   0.1575850551239E-11
  0.4637709209513E+00   0.1557016770014E-11
  0.4665852932214E+00   0.1538407366436E-11
  0.4694167443786E+00   0.1520019680214E-11
  0.4722653780656E+00   0.1501851082367E-11
  0.4751312985537E+00   0.1483898974861E-11
  0.4780146107470E+00   0.1466160790246E-11
  0.4809154201863E+00   0.1448633991303E-11
  0.4838338330527E+00   0.1431316070689E-11
  0.4867699561720E+00   0.1414204550589E-11
  0.4897238970179E+00   0.1397296982377E-11
  0.4926957637165E+00   0.1380590946270E-11
  0.4956856650499E+00   0.1364084050994E-11
  0.4986937104606E+00   0.1347773933454E-11
  0.5017200100549E+00   0.1331658258401E-11
  0.5047646746077E+00   0.1315734718112E-11
  0.5078278155657E+00   0.1300001032065E-11
  0.5109095450522E+00   0.1284454946626E-11
  0.5140099758708E+00   0.1269094234730E-11
  0.5171292215097E+00   0.1253916695576E-11
  0.5202673961457E+00   0.1238920154317E-11
  0.5234246146485E+00   0.1224102461760E-11
  0.5266009925851E+00   0.1209461494062E-11
  0.5297966462234E+00   0.1194995152440E-11
  0.5330116925373E+00   0.1180701362872E-11
  0.5362462492103E+00   0.1166578075814E-11
  0.5395004346400E+00   0.1152623265909E-11
  0.5427743679427E+00   0.1138834931706E-11
  0.5460681689574E+00   0.1125211095381E-11
  0.5493819582504E+00   0.1111749802462E-11
  0.5527158571196E+00   0.1098449121552E-11
  0.5560699875992E+00   0.1085307144063E-11
  0.5594444724636E+00   0.1072321983948E-11
  0.5628394352325E+00   0.1059491777438E-11
  0.5662550001751E+00   0.1046814682778E-11
  0.5696912923147E+00   0.1034288879974E-11
  0.5731484374334E+00   0.1021912570536E-11
  0.5766265620765E+00   0.1009683977225E-11
  0.5801257935573E+00   0.9976013438062E-12
  0.5836462599617E+00   0.9856629348036E-12
  0.5871880901527E+00   0.9738670352545E-12
  0.5907514137755E+00   0.9622119504704E-12
  0.5943363612621E+00   0.9506960057998E-12
  0.5979430638358E+00   0.9393175463928E-12
  0.6015716535164E+00   0.9280749369693E-12
  0.6052222631248E+00   0.9169665615894E-12
  0.6088950262878E+00   0.9059908234268E-12
  0.6125900774432E+00   0.8951461445449E-12
  0.6163075518449E+00   0.8844309656746E-12
  0.6200475855670E+00   0.8738437459960E-12
  0.6238103155100E+00   0.8633829629217E-12
  0.6275958794046E+00   0.8530471118826E-12
  0.6314044158177E+00   0.8428347061170E-12
  0.6352360641569E+00   0.8327442764612E-12
  0.6390909646760E+00   0.8227743711429E-12
  0.6429692584796E+00   0.8129235555773E-12
  0.6468710875288E+00   0.8031904121650E-12
  0.6507965946461E+00   0.7935735400926E-12
  0.6547459235209E+00   0.7840715551358E-12
  0.6587192187144E+00   0.7746830894638E-12
  0.6627166256650E+00   0.7654067914477E-12
  0.6667382906937E+00   0.7562413254690E-12
  0.6707843610098E+00   0.7471853717325E-12
  0.6748549847154E+00   0.7382376260794E-12
  0.6789503108117E+00   0.7293967998041E-12
  0.6830704892040E+00   0.7206616194721E-12
  0.6872156707073E+00   0.7120308267408E-12
  0.6913860070518E+00   0.7035031781816E-12
  0.6955816508885E+00   0.6950774451047E-12
  0.6998027557947E+00   0.6867524133856E-12
  0.7040494762798E+00   0.6785268832939E-12
  0.7083219677907E+00   0.6703996693237E-12
  0.7126203867177E+00   0.6623696000263E-12
  0.7169448904001E+00   0.6544355178446E-12
  0.7212956371320E+00   0.6465962789499E-12
  0.7256727861682E+00   0.6388507530799E-12
  0.7300764977297E+00   0.6311978233789E-12
  0.7345069330101E+00   0.6236363862403E-12
  0.7389642541811E+00   0.6161653511503E-12
  0.7434486243982E+00   0.6087836405337E-12
  0.7479602078076E+00   0.6014901896011E-12
  0.7524991695511E+00   0.5942839461991E-12
  0.7570656757729E+00   0.5871638706605E-12
  0.7616598936253E+00   0.5801289356576E-12
  0.7662819912752E+00   0.5731781260567E-12
  0.7709321379098E+00   0.5663104387741E-12
  0.7756105037430E+00   0.5595248826346E-12
  0.7803172600217E+00   0.5528204782301E-12
  0.7850525790320E+00   0.5461962577819E-12
  0.7898166341056E+00   0.5396512650027E-12
  0.7946095996259E+00   0.5331845549615E-12
  0.7994316510346E+00   0.5267951939496E-12
  0.8042829648381E+00   0.5204822593478E-12
  0.8091637186138E+00   0.5142448394960E-12
  0.8140740910169E+00   0.5080820335635E-12
  0.8190142617866E+00   0.5019929514215E-12
  0.8239844117528E+00   0.4959767135165E-12
  0.8289847228431E+00   0.4900324507457E-12
  0.8340153780887E+00   0.4841593043331E-12
  0.8390765616318E+00   0.4783564257082E-12
  0.8441684587319E+00   0.4726229763850E-12
  0.8492912557727E+00   0.4669581278432E-12
  0.8544451402692E+00   0.4613610614102E-12
  0.8596303008742E+00   0.4558309681449E-12
  0.8648469273852E+00   0.4503670487227E-12
  0.8700952107516E+00   0.4449685133218E-12
  0.8753753430816E+00   0.4396345815110E-12
  0.8806875176491E+00   0.4343644821387E-12
  0.8860319289010E+00   0.4291574532231E-12
  0.8914087724641E+00   0.4240127418439E-12
  0.8968182451523E+00   0.4189296040349E-12
  0.9022605449741E+00   0.4139073046787E-12
  0.9077358711392E+00   0.4089451174015E-12
  0.9132444240666E+00   0.4040423244698E-12
  0.9187864053913E+00   0.3991982166884E-12
  0.9243620179720E+00   0.3944120932992E-12
  0.9299714658984E+00   0.3896832618817E-12
  0.9356149544987E+00   0.3850110382537E-12
  0.9412926903472E+00   0.3803947463746E-12
  0.9470048812716E+00   0.3758337182483E-12
  0.9527517363612E+00   0.3713272938288E-12
  0.9585334659736E+00   0.3668748209254E-12
  0.9643502817433E+00   0.3624756551099E-12
  0.9702023965891E+00   0.3581291596248E-12
  0.9760900247217E+00   0.3538347052927E-12
  0.9820133816518E+00   0.3495916704261E-12
  0.9879726841981E+00   0.3453994407387E-12
  0.9939681504948E+00   0.3412574092582E-12
  0.1000000000000E+01   0.3371649762393E-12
