           1
         200
  
  0.3000000000000E+00   0.9835301473496E-24
  0.3018205360510E+00   0.9730807442709E-24
  0.3036521199404E+00   0.9627336018206E-24
  0.3054948187115E+00   0.9524878781345E-24
  0.3073486998144E+00   0.9423427352741E-24
  0.3092138311085E+00   0.9322973392731E-24
  0.3110902808652E+00   0.9223508601814E-24
  0.3129781177700E+00   0.9125024721076E-24
  0.3148774109253E+00   0.9027513532597E-24
  0.3167882298528E+00   0.8930966859843E-24
  0.3187106444961E+00   0.8835376568038E-24
  0.3206447252233E+00   0.8740734564519E-24
  0.3225905428294E+00   0.8647032799082E-24
  0.3245481685392E+00   0.8554263264303E-24
  0.3265176740096E+00   0.8462417995849E-24
  0.3284991313324E+00   0.8371489072774E-24
  0.3304926130368E+00   0.8281468617797E-24
  0.3324981920922E+00   0.8192348797568E-24
  0.3345159419109E+00   0.8104121822918E-24
  0.3365459363505E+00   0.8016779949099E-24
  0.3385882497170E+00   0.7930315476005E-24
  0.3406429567672E+00   0.7844720748382E-24
  0.3427101327117E+00   0.7759988156029E-24
  0.3447898532172E+00   0.7676110133975E-24
  0.3468821944099E+00   0.7593079162660E-24
  0.3489872328778E+00   0.7510887768087E-24
  0.3511050456738E+00   0.7429528521974E-24
  0.3532357103183E+00   0.7348994041888E-24
  0.3553793048021E+00   0.7269276991370E-24
  0.3575359075894E+00   0.7190370080050E-24
  0.3597055976204E+00   0.7112266063747E-24
  0.3618884543145E+00   0.7034957744562E-24
  0.3640845575729E+00   0.6958437970958E-24
  0.3662939877818E+00   0.6882699637834E-24
  0.3685168258153E+00   0.6807735686583E-24
  0.3707531530380E+00   0.6733539105146E-24
  0.3730030513084E+00   0.6660102928053E-24
  0.3752666029819E+00   0.6587420236453E-24
  0.3775438909135E+00   0.6515484158143E-24
  0.3798349984610E+00   0.6444287867577E-24
  0.3821400094881E+00   0.6373824585877E-24
  0.3844590083675E+00   0.6304087580828E-24
  0.3867920799838E+00   0.6235070166868E-24
  0.3891393097366E+00   0.6166765705071E-24
  0.3915007835441E+00   0.6099167603116E-24
  0.3938765878456E+00   0.6032269315262E-24
  0.3962668096050E+00   0.5966064342297E-24
  0.3986715363141E+00   0.5900546231497E-24
  0.4010908559953E+00   0.5835708576565E-24
  0.4035248572056E+00   0.5771545017573E-24
  0.4059736290390E+00   0.5708049240891E-24
  0.4084372611305E+00   0.5645214979110E-24
  0.4109158436587E+00   0.5583036010965E-24
  0.4134094673498E+00   0.5521506161243E-24
  0.4159182234802E+00   0.5460619300689E-24
  0.4184422038807E+00   0.5400369345908E-24
  0.4209815009388E+00   0.5340750259261E-24
  0.4235362076030E+00   0.5281756048752E-24
  0.4261064173859E+00   0.5223380767910E-24
  0.4286922243673E+00   0.5165618515675E-24
  0.4312937231981E+00   0.5108463436262E-24
  0.4339110091037E+00   0.5051909719038E-24
  0.4365441778871E+00   0.4995951598382E-24
  0.4391933259327E+00   0.4940583353547E-24
  0.4418585502102E+00   0.4885799308511E-24
  0.4445399482772E+00   0.4831593831834E-24
  0.4472376182838E+00   0.4777961336499E-24
  0.4499516589753E+00   0.4724896279758E-24
  0.4526821696966E+00   0.4672393162970E-24
  0.4554292503952E+00   0.4620446531435E-24
  0.4581930016253E+00   0.4569050974228E-24
  0.4609735245513E+00   0.4518201124022E-24
  0.4637709209513E+00   0.4467891656919E-24
  0.4665852932214E+00   0.4418117292265E-24
  0.4694167443786E+00   0.4368872792473E-24
  0.4722653780656E+00   0.4320152962834E-24
  0.4751312985537E+00   0.4271952651331E-24
  0.4780146107470E+00   0.4224266748449E-24
  0.4809154201863E+00   0.4177090186978E-24
  0.4838338330527E+00   0.4130417941821E-24
  0.4867699561720E+00   0.4084245029794E-24
  0.4897238970179E+00   0.4038566509422E-24
  0.4926957637165E+00   0.3993377480740E-24
  0.4956856650499E+00   0.3948673085085E-24
  0.4986937104606E+00   0.3904448504887E-24
  0.5017200100549E+00   0.3860698963463E-24
  0.5047646746077E+00   0.3817419724801E-24
  0.5078278155657E+00   0.3774606093351E-24
  0.5109095450522E+00   0.3732253413803E-24
  0.5140099758708E+00   0.3690357070878E-24
  0.5171292215097E+00   0.3648912489104E-24
  0.5202673961457E+00   0.3607915132595E-24
  0.5234246146485E+00   0.3567360504835E-24
  0.5266009925851E+00   0.3527244148448E-24
  0.5297966462234E+00   0.3487561644981E-24
  0.5330116925373E+00   0.3448308614671E-24
  0.5362462492103E+00   0.3409480716225E-24
  0.5395004346400E+00   0.3371073646589E-24
  0.5427743679427E+00   0.3333083140717E-24
  0.5460681689574E+00   0.3295504971349E-24
  0.5493819582504E+00   0.3258334948770E-24
  0.5527158571196E+00   0.3221568920590E-24
  0.5560699875992E+00   0.3185202771502E-24
  0.5594444724636E+00   0.3149232423055E-24
  0.5628394352325E+00   0.3113653833421E-24
  0.5662550001751E+00   0.3078462997156E-24
  0.5696912923147E+00   0.3043655944972E-24
  0.5731484374334E+00   0.3009228743497E-24
  0.5766265620765E+00   0.2975177495044E-24
  0.5801257935573E+00   0.2941498337373E-24
  0.5836462599617E+00   0.2908187443453E-24
  0.5871880901527E+00   0.2875241021232E-24
  0.5907514137755E+00   0.2842655313396E-24
  0.5943363612621E+00   0.2810426597132E-24
  0.5979430638358E+00   0.2778551183898E-24
  0.6015716535164E+00   0.2747025419176E-24
  0.6052222631248E+00   0.2715845682246E-24
  0.6088950262878E+00   0.2685008385944E-24
  0.6125900774432E+00   0.2654509976425E-24
  0.6163075518449E+00   0.2624346932930E-24
  0.6200475855670E+00   0.2594515767547E-24
  0.6238103155100E+00   0.2565013024977E-24
  0.6275958794046E+00   0.2535835282299E-24
  0.6314044158177E+00   0.2506979148730E-24
  0.6352360641569E+00   0.2478441265398E-24
  0.6390909646760E+00   0.2450218305099E-24
  0.6429692584796E+00   0.2422306972069E-24
  0.6468710875288E+00   0.2394704001746E-24
  0.6507965946461E+00   0.2367406160540E-24
  0.6547459235209E+00   0.2340410245597E-24
  0.6587192187144E+00   0.2313713084569E-24
  0.6627166256650E+00   0.2287311535381E-24
  0.6667382906937E+00   0.2261202485998E-24
  0.6707843610098E+00   0.2235382854201E-24
  0.6748549847154E+00   0.2209849587348E-24
  0.6789503108117E+00   0.2184599662150E-24
  0.6830704892040E+00   0.2159630084443E-24
  0.6872156707073E+00   0.2134937888957E-24
  0.6913860070518E+00   0.2110520139088E-24
  0.6955816508885E+00   0.2086373926679E-24
  0.6998027557947E+00   0.2062496371782E-24
  0.7040494762798E+00   0.2038884622446E-24
  0.7083219677907E+00   0.2015535854483E-24
  0.7126203867177E+00   0.1992447271250E-24
  0.7169448904001E+00   0.1969616103424E-24
  0.7212956371320E+00   0.1947039608785E-24
  0.7256727861682E+00   0.1924715071987E-24
  0.7300764977297E+00   0.1902639804346E-24
  0.7345069330101E+00   0.1880811143619E-24
  0.7389642541811E+00   0.1859226453785E-24
  0.7434486243982E+00   0.1837883124827E-24
  0.7479602078076E+00   0.1816778572520E-24
  0.7524991695511E+00   0.1795910238212E-24
  0.7570656757729E+00   0.1775275588614E-24
  0.7616598936253E+00   0.1754872115584E-24
  0.7662819912752E+00   0.1734697335914E-24
  0.7709321379098E+00   0.1714748791125E-24
  0.7756105037430E+00   0.1695024047251E-24
  0.7803172600217E+00   0.1675520694632E-24
  0.7850525790320E+00   0.1656236347710E-24
  0.7898166341056E+00   0.1637168644817E-24
  0.7946095996259E+00   0.1618315247974E-24
  0.7994316510346E+00   0.1599673842681E-24
  0.8042829648381E+00   0.1581242137722E-24
  0.8091637186138E+00   0.1563017864956E-24
  0.8140740910169E+00   0.1544998779117E-24
  0.8190142617866E+00   0.1527182657618E-24
  0.8239844117528E+00   0.1509567300347E-24
  0.8289847228431E+00   0.1492150529475E-24
  0.8340153780887E+00   0.1474930189255E-24
  0.8390765616318E+00   0.1457904145828E-24
  0.8441684587319E+00   0.1441070287029E-24
  0.8492912557727E+00   0.1424426522196E-24
  0.8544451402692E+00   0.1407970781977E-24
  0.8596303008742E+00   0.1391701018136E-24
  0.8648469273852E+00   0.1375615203369E-24
  0.8700952107516E+00   0.1359711331115E-24
  0.8753753430816E+00   0.1343987415363E-24
  0.8806875176491E+00   0.1328441490476E-24
  0.8860319289010E+00   0.1313071610998E-24
  0.8914087724641E+00   0.1297875851473E-24
  0.8968182451523E+00   0.1282852306267E-24
  0.9022605449741E+00   0.1267999089382E-24
  0.9077358711392E+00   0.1253314334276E-24
  0.9132444240666E+00   0.1238796193689E-24
  0.9187864053913E+00   0.1224442839462E-24
  0.9243620179720E+00   0.1210252462361E-24
  0.9299714658984E+00   0.1196223271905E-24
  0.9356149544987E+00   0.1182353496188E-24
  0.9412926903472E+00   0.1168641381710E-24
  0.9470048812716E+00   0.1155085193203E-24
  0.9527517363612E+00   0.1141683213465E-24
  0.9585334659736E+00   0.1128433743186E-24
  0.9643502817433E+00   0.1115335100784E-24
  0.9702023965891E+00   0.1102385622237E-24
  0.9760900247217E+00   0.1089583660918E-24
  0.9820133816518E+00   0.1076927587431E-24
  0.9879726841981E+00   0.1064415789450E-24
  0.9939681504948E+00   0.1052046671553E-24
  0.1000000000000E+01   0.1039818655066E-24
