           1
          20
  
  0.1000000000000E+01   0.4225935414984E-19
  0.1128837891685E+01   0.3815816041637E-19
  0.1274274985703E+01   0.3441677491611E-19
  0.1438449888288E+01   0.3086018235142E-19
  0.1623776739189E+01   0.2742832101337E-19
  0.1832980710832E+01   0.2412729212195E-19
  0.2069138081115E+01   0.2099574670211E-19
  0.2335721469090E+01   0.1807762288051E-19
  0.2636650898730E+01   0.1540977507843E-19
  0.2976351441631E+01   0.1301449832959E-19
  0.3359818286284E+01   0.1089955126802E-19
  0.3792690190732E+01   0.9059610421635E-20
  0.4281332398719E+01   0.7479731284899E-20
  0.4832930238572E+01   0.6138587248754E-20
  0.5455594781169E+01   0.5011346465761E-20
  0.6158482110660E+01   0.4072083984363E-20
  0.6951927961776E+01   0.3295269298452E-20
  0.7847599703515E+01   0.2657009051816E-20
  0.8858667904101E+01   0.2135552689579E-20
  0.1000000000000E+02   0.1711622468539E-20
